{"/Users/sjafferali/github/personal/meditrack/frontend/src/App.js": {"path":"/Users/sjafferali/github/personal/meditrack/frontend/src/App.js","statementMap":{"0":{"start":{"line":6,"column":2},"end":{"line":10,"column":4}}},"fnMap":{"0":{"name":"App","decl":{"start":{"line":5,"column":9},"end":{"line":5,"column":12}},"loc":{"start":{"line":5,"column":15},"end":{"line":11,"column":1}},"line":5}},"branchMap":{},"s":{"0":2},"f":{"0":2},"b":{},"_coverageSchema":"1a1c01bbd47fc00a2c39e90264f33305004495a9","hash":"969ebbe423d0a469416c1246409a069f61f2e77b"}
,"/Users/sjafferali/github/personal/meditrack/frontend/src/index.js": {"path":"/Users/sjafferali/github/personal/meditrack/frontend/src/index.js","statementMap":{"0":{"start":{"line":6,"column":13},"end":{"line":6,"column":65}},"1":{"start":{"line":7,"column":0},"end":{"line":11,"column":2}}},"fnMap":{},"branchMap":{},"s":{"0":0,"1":0},"f":{},"b":{}}
,"/Users/sjafferali/github/personal/meditrack/frontend/src/components/DailyDoseLog.tsx": {"path":"/Users/sjafferali/github/personal/meditrack/frontend/src/components/DailyDoseLog.tsx","statementMap":{"0":{"start":{"line":21,"column":50},"end":{"line":201,"column":1}},"1":{"start":{"line":22,"column":32},"end":{"line":22,"column":67}},"2":{"start":{"line":23,"column":32},"end":{"line":23,"column":47}},"3":{"start":{"line":24,"column":28},"end":{"line":24,"column":57}},"4":{"start":{"line":25,"column":30},"end":{"line":25,"column":45}},"5":{"start":{"line":27,"column":27},"end":{"line":39,"column":3}},"6":{"start":{"line":28,"column":4},"end":{"line":38,"column":5}},"7":{"start":{"line":29,"column":6},"end":{"line":29,"column":23}},"8":{"start":{"line":30,"column":6},"end":{"line":30,"column":21}},"9":{"start":{"line":31,"column":22},"end":{"line":31,"column":62}},"10":{"start":{"line":32,"column":19},"end":{"line":32,"column":63}},"11":{"start":{"line":33,"column":6},"end":{"line":33,"column":23}},"12":{"start":{"line":35,"column":6},"end":{"line":35,"column":84}},"13":{"start":{"line":37,"column":6},"end":{"line":37,"column":24}},"14":{"start":{"line":41,"column":2},"end":{"line":45,"column":29}},"15":{"start":{"line":42,"column":4},"end":{"line":44,"column":5}},"16":{"start":{"line":43,"column":6},"end":{"line":43,"column":25}},"17":{"start":{"line":47,"column":28},"end":{"line":50,"column":3}},"18":{"start":{"line":48,"column":17},"end":{"line":48,"column":36}},"19":{"start":{"line":49,"column":4},"end":{"line":49,"column":79}},"20":{"start":{"line":52,"column":27},"end":{"line":94,"column":3}},"21":{"start":{"line":53,"column":4},"end":{"line":53,"column":28}},"22":{"start":{"line":53,"column":18},"end":{"line":53,"column":28}},"23":{"start":{"line":55,"column":26},"end":{"line":60,"column":6}},"24":{"start":{"line":62,"column":15},"end":{"line":62,"column":52}},"25":{"start":{"line":63,"column":4},"end":{"line":63,"column":36}},"26":{"start":{"line":66,"column":83},"end":{"line":66,"column":85}},"27":{"start":{"line":68,"column":4},"end":{"line":77,"column":7}},"28":{"start":{"line":69,"column":6},"end":{"line":76,"column":7}},"29":{"start":{"line":70,"column":8},"end":{"line":75,"column":11}},"30":{"start":{"line":71,"column":10},"end":{"line":74,"column":13}},"31":{"start":{"line":80,"column":4},"end":{"line":80,"column":85}},"32":{"start":{"line":80,"column":28},"end":{"line":80,"column":83}},"33":{"start":{"line":82,"column":4},"end":{"line":88,"column":5}},"34":{"start":{"line":83,"column":6},"end":{"line":83,"column":53}},"35":{"start":{"line":85,"column":6},"end":{"line":87,"column":9}},"36":{"start":{"line":86,"column":8},"end":{"line":86,"column":73}},"37":{"start":{"line":90,"column":4},"end":{"line":90,"column":41}},"38":{"start":{"line":91,"column":4},"end":{"line":91,"column":59}},"39":{"start":{"line":93,"column":4},"end":{"line":93,"column":16}},"40":{"start":{"line":96,"column":32},"end":{"line":121,"column":3}},"41":{"start":{"line":97,"column":4},"end":{"line":120,"column":5}},"42":{"start":{"line":98,"column":19},"end":{"line":98,"column":37}},"43":{"start":{"line":101,"column":6},"end":{"line":113,"column":7}},"44":{"start":{"line":102,"column":8},"end":{"line":102,"column":50}},"45":{"start":{"line":105,"column":25},"end":{"line":105,"column":59}},"46":{"start":{"line":106,"column":8},"end":{"line":106,"column":30}},"47":{"start":{"line":107,"column":8},"end":{"line":107,"column":42}},"48":{"start":{"line":108,"column":8},"end":{"line":108,"column":37}},"49":{"start":{"line":109,"column":8},"end":{"line":109,"column":44}},"50":{"start":{"line":110,"column":8},"end":{"line":110,"column":26}},"51":{"start":{"line":111,"column":8},"end":{"line":111,"column":37}},"52":{"start":{"line":112,"column":8},"end":{"line":112,"column":44}},"53":{"start":{"line":115,"column":6},"end":{"line":115,"column":22}},"54":{"start":{"line":116,"column":6},"end":{"line":116,"column":47}},"55":{"start":{"line":116,"column":23},"end":{"line":116,"column":39}},"56":{"start":{"line":118,"column":6},"end":{"line":118,"column":57}},"57":{"start":{"line":119,"column":6},"end":{"line":119,"column":65}},"58":{"start":{"line":123,"column":2},"end":{"line":123,"column":27}},"59":{"start":{"line":123,"column":15},"end":{"line":123,"column":27}},"60":{"start":{"line":125,"column":2},"end":{"line":200,"column":4}}},"fnMap":{"0":{"name":"(anonymous_0)","decl":{"start":{"line":21,"column":50},"end":{"line":21,"column":51}},"loc":{"start":{"line":21,"column":89},"end":{"line":201,"column":1}},"line":21},"1":{"name":"(anonymous_1)","decl":{"start":{"line":27,"column":27},"end":{"line":27,"column":28}},"loc":{"start":{"line":27,"column":39},"end":{"line":39,"column":3}},"line":27},"2":{"name":"(anonymous_2)","decl":{"start":{"line":41,"column":12},"end":{"line":41,"column":13}},"loc":{"start":{"line":41,"column":18},"end":{"line":45,"column":3}},"line":41},"3":{"name":"(anonymous_3)","decl":{"start":{"line":47,"column":28},"end":{"line":47,"column":29}},"loc":{"start":{"line":47,"column":51},"end":{"line":50,"column":3}},"line":47},"4":{"name":"(anonymous_4)","decl":{"start":{"line":52,"column":27},"end":{"line":52,"column":28}},"loc":{"start":{"line":52,"column":33},"end":{"line":94,"column":3}},"line":52},"5":{"name":"(anonymous_5)","decl":{"start":{"line":68,"column":32},"end":{"line":68,"column":33}},"loc":{"start":{"line":68,"column":46},"end":{"line":77,"column":5}},"line":68},"6":{"name":"(anonymous_6)","decl":{"start":{"line":70,"column":38},"end":{"line":70,"column":39}},"loc":{"start":{"line":70,"column":46},"end":{"line":75,"column":9}},"line":70},"7":{"name":"(anonymous_7)","decl":{"start":{"line":80,"column":18},"end":{"line":80,"column":19}},"loc":{"start":{"line":80,"column":28},"end":{"line":80,"column":83}},"line":80},"8":{"name":"(anonymous_8)","decl":{"start":{"line":85,"column":23},"end":{"line":85,"column":24}},"loc":{"start":{"line":85,"column":31},"end":{"line":87,"column":7}},"line":85},"9":{"name":"(anonymous_9)","decl":{"start":{"line":96,"column":32},"end":{"line":96,"column":33}},"loc":{"start":{"line":96,"column":44},"end":{"line":121,"column":3}},"line":96},"10":{"name":"(anonymous_10)","decl":{"start":{"line":116,"column":17},"end":{"line":116,"column":18}},"loc":{"start":{"line":116,"column":23},"end":{"line":116,"column":39}},"line":116}},"branchMap":{"0":{"loc":{"start":{"line":35,"column":15},"end":{"line":35,"column":82}},"type":"cond-expr","locations":[{"start":{"line":35,"column":38},"end":{"line":35,"column":49}},{"start":{"line":35,"column":52},"end":{"line":35,"column":82}}],"line":35},"1":{"loc":{"start":{"line":42,"column":4},"end":{"line":44,"column":5}},"type":"if","locations":[{"start":{"line":42,"column":4},"end":{"line":44,"column":5}},{"start":{},"end":{}}],"line":42},"2":{"loc":{"start":{"line":53,"column":4},"end":{"line":53,"column":28}},"type":"if","locations":[{"start":{"line":53,"column":4},"end":{"line":53,"column":28}},{"start":{},"end":{}}],"line":53},"3":{"loc":{"start":{"line":69,"column":6},"end":{"line":76,"column":7}},"type":"if","locations":[{"start":{"line":69,"column":6},"end":{"line":76,"column":7}},{"start":{},"end":{}}],"line":69},"4":{"loc":{"start":{"line":82,"column":4},"end":{"line":88,"column":5}},"type":"if","locations":[{"start":{"line":82,"column":4},"end":{"line":88,"column":5}},{"start":{"line":84,"column":11},"end":{"line":88,"column":5}}],"line":82},"5":{"loc":{"start":{"line":101,"column":6},"end":{"line":113,"column":7}},"type":"if","locations":[{"start":{"line":101,"column":6},"end":{"line":113,"column":7}},{"start":{"line":103,"column":13},"end":{"line":113,"column":7}}],"line":101},"6":{"loc":{"start":{"line":101,"column":10},"end":{"line":101,"column":62}},"type":"binary-expr","locations":[{"start":{"line":101,"column":10},"end":{"line":101,"column":29}},{"start":{"line":101,"column":33},"end":{"line":101,"column":62}}],"line":101},"7":{"loc":{"start":{"line":123,"column":2},"end":{"line":123,"column":27}},"type":"if","locations":[{"start":{"line":123,"column":2},"end":{"line":123,"column":27}},{"start":{},"end":{}}],"line":123},"8":{"loc":{"start":{"line":158,"column":9},"end":{"line":162,"column":9}},"type":"binary-expr","locations":[{"start":{"line":158,"column":9},"end":{"line":158,"column":16}},{"start":{"line":159,"column":10},"end":{"line":161,"column":16}}],"line":158},"9":{"loc":{"start":{"line":164,"column":9},"end":{"line":168,"column":9}},"type":"binary-expr","locations":[{"start":{"line":164,"column":9},"end":{"line":164,"column":14}},{"start":{"line":165,"column":10},"end":{"line":167,"column":16}}],"line":164},"10":{"loc":{"start":{"line":170,"column":9},"end":{"line":197,"column":9}},"type":"binary-expr","locations":[{"start":{"line":170,"column":9},"end":{"line":170,"column":17}},{"start":{"line":170,"column":21},"end":{"line":170,"column":27}},{"start":{"line":170,"column":31},"end":{"line":170,"column":38}},{"start":{"line":171,"column":10},"end":{"line":196,"column":13}}],"line":170},"11":{"loc":{"start":{"line":182,"column":18},"end":{"line":184,"column":64}},"type":"cond-expr","locations":[{"start":{"line":183,"column":22},"end":{"line":183,"column":47}},{"start":{"line":184,"column":22},"end":{"line":184,"column":64}}],"line":182},"12":{"loc":{"start":{"line":187,"column":17},"end":{"line":187,"column":57}},"type":"cond-expr","locations":[{"start":{"line":187,"column":26},"end":{"line":187,"column":35}},{"start":{"line":187,"column":38},"end":{"line":187,"column":57}}],"line":187}},"s":{"0":2,"1":65,"2":65,"3":65,"4":65,"5":65,"6":8,"7":8,"8":8,"9":8,"10":8,"11":6,"12":1,"13":7,"14":65,"15":42,"16":8,"17":65,"18":15,"19":15,"20":65,"21":6,"22":0,"23":6,"24":6,"25":6,"26":6,"27":6,"28":10,"29":10,"30":15,"31":6,"32":20,"33":6,"34":1,"35":5,"36":15,"37":6,"38":6,"39":6,"40":65,"41":1,"42":1,"43":1,"44":1,"45":0,"46":0,"47":0,"48":0,"49":0,"50":0,"51":0,"52":0,"53":1,"54":1,"55":0,"56":0,"57":0,"58":65,"59":43,"60":22},"f":{"0":65,"1":8,"2":42,"3":15,"4":6,"5":10,"6":15,"7":20,"8":15,"9":1,"10":0},"b":{"0":[1,0],"1":[8,34],"2":[0,6],"3":[10,0],"4":[1,5],"5":[1,0],"6":[1,1],"7":[43,22],"8":[22,8],"9":[22,1],"10":[22,14,13,5],"11":[1,4],"12":[1,4]},"_coverageSchema":"1a1c01bbd47fc00a2c39e90264f33305004495a9","hash":"2a0d7f83aa5c0ed13470fd6a7b759027dcafdb0b"}
,"/Users/sjafferali/github/personal/meditrack/frontend/src/components/DoseHistoryModal.tsx": {"path":"/Users/sjafferali/github/personal/meditrack/frontend/src/components/DoseHistoryModal.tsx","statementMap":{"0":{"start":{"line":19,"column":58},"end":{"line":138,"column":1}},"1":{"start":{"line":20,"column":28},"end":{"line":20,"column":48}},"2":{"start":{"line":21,"column":32},"end":{"line":21,"column":47}},"3":{"start":{"line":22,"column":28},"end":{"line":22,"column":57}},"4":{"start":{"line":24,"column":26},"end":{"line":35,"column":21}},"5":{"start":{"line":25,"column":4},"end":{"line":34,"column":5}},"6":{"start":{"line":26,"column":6},"end":{"line":26,"column":23}},"7":{"start":{"line":27,"column":6},"end":{"line":27,"column":21}},"8":{"start":{"line":28,"column":19},"end":{"line":28,"column":56}},"9":{"start":{"line":29,"column":6},"end":{"line":29,"column":21}},"10":{"start":{"line":31,"column":6},"end":{"line":31,"column":83}},"11":{"start":{"line":33,"column":6},"end":{"line":33,"column":24}},"12":{"start":{"line":37,"column":2},"end":{"line":41,"column":44}},"13":{"start":{"line":38,"column":4},"end":{"line":40,"column":5}},"14":{"start":{"line":39,"column":6},"end":{"line":39,"column":24}},"15":{"start":{"line":43,"column":25},"end":{"line":49,"column":3}},"16":{"start":{"line":44,"column":17},"end":{"line":44,"column":37}},"17":{"start":{"line":45,"column":4},"end":{"line":48,"column":6}},"18":{"start":{"line":51,"column":27},"end":{"line":61,"column":3}},"19":{"start":{"line":52,"column":47},"end":{"line":52,"column":49}},"20":{"start":{"line":53,"column":4},"end":{"line":59,"column":7}},"21":{"start":{"line":54,"column":23},"end":{"line":54,"column":52}},"22":{"start":{"line":55,"column":6},"end":{"line":57,"column":7}},"23":{"start":{"line":56,"column":8},"end":{"line":56,"column":27}},"24":{"start":{"line":58,"column":6},"end":{"line":58,"column":31}},"25":{"start":{"line":60,"column":4},"end":{"line":60,"column":19}},"26":{"start":{"line":63,"column":2},"end":{"line":63,"column":27}},"27":{"start":{"line":63,"column":15},"end":{"line":63,"column":27}},"28":{"start":{"line":65,"column":23},"end":{"line":65,"column":46}},"29":{"start":{"line":67,"column":2},"end":{"line":137,"column":4}},"30":{"start":{"line":107,"column":18},"end":{"line":120,"column":24}},"31":{"start":{"line":111,"column":41},"end":{"line":111,"column":70}},"32":{"start":{"line":112,"column":24},"end":{"line":117,"column":26}}},"fnMap":{"0":{"name":"(anonymous_0)","decl":{"start":{"line":19,"column":58},"end":{"line":19,"column":59}},"loc":{"start":{"line":19,"column":95},"end":{"line":138,"column":1}},"line":19},"1":{"name":"(anonymous_1)","decl":{"start":{"line":24,"column":38},"end":{"line":24,"column":39}},"loc":{"start":{"line":24,"column":50},"end":{"line":35,"column":3}},"line":24},"2":{"name":"(anonymous_2)","decl":{"start":{"line":37,"column":12},"end":{"line":37,"column":13}},"loc":{"start":{"line":37,"column":18},"end":{"line":41,"column":3}},"line":37},"3":{"name":"(anonymous_3)","decl":{"start":{"line":43,"column":25},"end":{"line":43,"column":26}},"loc":{"start":{"line":43,"column":49},"end":{"line":49,"column":3}},"line":43},"4":{"name":"(anonymous_4)","decl":{"start":{"line":51,"column":27},"end":{"line":51,"column":28}},"loc":{"start":{"line":51,"column":46},"end":{"line":61,"column":3}},"line":51},"5":{"name":"(anonymous_5)","decl":{"start":{"line":53,"column":18},"end":{"line":53,"column":19}},"loc":{"start":{"line":53,"column":26},"end":{"line":59,"column":5}},"line":53},"6":{"name":"(anonymous_6)","decl":{"start":{"line":106,"column":50},"end":{"line":106,"column":51}},"loc":{"start":{"line":107,"column":18},"end":{"line":120,"column":24}},"line":107},"7":{"name":"(anonymous_7)","decl":{"start":{"line":110,"column":36},"end":{"line":110,"column":37}},"loc":{"start":{"line":110,"column":53},"end":{"line":118,"column":23}},"line":110}},"branchMap":{"0":{"loc":{"start":{"line":31,"column":15},"end":{"line":31,"column":81}},"type":"cond-expr","locations":[{"start":{"line":31,"column":38},"end":{"line":31,"column":49}},{"start":{"line":31,"column":52},"end":{"line":31,"column":81}}],"line":31},"1":{"loc":{"start":{"line":38,"column":4},"end":{"line":40,"column":5}},"type":"if","locations":[{"start":{"line":38,"column":4},"end":{"line":40,"column":5}},{"start":{},"end":{}}],"line":38},"2":{"loc":{"start":{"line":38,"column":8},"end":{"line":38,"column":28}},"type":"binary-expr","locations":[{"start":{"line":38,"column":8},"end":{"line":38,"column":14}},{"start":{"line":38,"column":18},"end":{"line":38,"column":28}}],"line":38},"3":{"loc":{"start":{"line":55,"column":6},"end":{"line":57,"column":7}},"type":"if","locations":[{"start":{"line":55,"column":6},"end":{"line":57,"column":7}},{"start":{},"end":{}}],"line":55},"4":{"loc":{"start":{"line":63,"column":2},"end":{"line":63,"column":27}},"type":"if","locations":[{"start":{"line":63,"column":2},"end":{"line":63,"column":27}},{"start":{},"end":{}}],"line":63},"5":{"loc":{"start":{"line":88,"column":9},"end":{"line":92,"column":9}},"type":"binary-expr","locations":[{"start":{"line":88,"column":9},"end":{"line":88,"column":16}},{"start":{"line":89,"column":10},"end":{"line":91,"column":16}}],"line":88},"6":{"loc":{"start":{"line":94,"column":9},"end":{"line":98,"column":9}},"type":"binary-expr","locations":[{"start":{"line":94,"column":9},"end":{"line":94,"column":14}},{"start":{"line":95,"column":10},"end":{"line":97,"column":16}}],"line":94},"7":{"loc":{"start":{"line":100,"column":9},"end":{"line":125,"column":9}},"type":"binary-expr","locations":[{"start":{"line":100,"column":9},"end":{"line":100,"column":17}},{"start":{"line":100,"column":21},"end":{"line":100,"column":27}},{"start":{"line":101,"column":10},"end":{"line":124,"column":16}}],"line":100},"8":{"loc":{"start":{"line":102,"column":13},"end":{"line":123,"column":13}},"type":"cond-expr","locations":[{"start":{"line":103,"column":14},"end":{"line":103,"column":85}},{"start":{"line":105,"column":14},"end":{"line":122,"column":20}}],"line":102}},"s":{"0":1,"1":21,"2":21,"3":21,"4":21,"5":8,"6":8,"7":8,"8":8,"9":6,"10":1,"11":7,"12":21,"13":9,"14":8,"15":21,"16":8,"17":8,"18":21,"19":20,"20":20,"21":4,"22":4,"23":3,"24":4,"25":20,"26":21,"27":1,"28":20,"29":20,"30":3,"31":4,"32":4},"f":{"0":21,"1":8,"2":9,"3":8,"4":20,"5":4,"6":3,"7":4},"b":{"0":[1,0],"1":[8,1],"2":[9,8],"3":[3,1],"4":[1,20],"5":[20,8],"6":[20,1],"7":[20,12,11],"8":[9,2]},"_coverageSchema":"1a1c01bbd47fc00a2c39e90264f33305004495a9","hash":"6a069b2e2e6818fef6b197dc7d82646a7eeea0aa"}
,"/Users/sjafferali/github/personal/meditrack/frontend/src/components/MedicationTracker.tsx": {"path":"/Users/sjafferali/github/personal/meditrack/frontend/src/components/MedicationTracker.tsx","statementMap":{"0":{"start":{"line":5,"column":26},"end":{"line":619,"column":1}},"1":{"start":{"line":6,"column":40},"end":{"line":6,"column":59}},"2":{"start":{"line":7,"column":32},"end":{"line":7,"column":46}},"3":{"start":{"line":8,"column":28},"end":{"line":8,"column":57}},"4":{"start":{"line":9,"column":54},"end":{"line":9,"column":69}},"5":{"start":{"line":10,"column":52},"end":{"line":10,"column":71}},"6":{"start":{"line":11,"column":48},"end":{"line":11,"column":77}},"7":{"start":{"line":12,"column":52},"end":{"line":12,"column":81}},"8":{"start":{"line":13,"column":44},"end":{"line":13,"column":82}},"9":{"start":{"line":14,"column":46},"end":{"line":14,"column":86}},"10":{"start":{"line":15,"column":42},"end":{"line":15,"column":68}},"11":{"start":{"line":16,"column":42},"end":{"line":16,"column":57}},"12":{"start":{"line":17,"column":56},"end":{"line":17,"column":85}},"13":{"start":{"line":18,"column":44},"end":{"line":18,"column":137}},"14":{"start":{"line":19,"column":38},"end":{"line":19,"column":58}},"15":{"start":{"line":22,"column":34},"end":{"line":28,"column":4}},"16":{"start":{"line":30,"column":26},"end":{"line":42,"column":20}},"17":{"start":{"line":31,"column":4},"end":{"line":41,"column":5}},"18":{"start":{"line":32,"column":6},"end":{"line":32,"column":23}},"19":{"start":{"line":33,"column":6},"end":{"line":33,"column":21}},"20":{"start":{"line":34,"column":22},"end":{"line":34,"column":62}},"21":{"start":{"line":35,"column":19},"end":{"line":35,"column":64}},"22":{"start":{"line":36,"column":6},"end":{"line":36,"column":27}},"23":{"start":{"line":38,"column":6},"end":{"line":38,"column":73}},"24":{"start":{"line":40,"column":6},"end":{"line":40,"column":24}},"25":{"start":{"line":45,"column":2},"end":{"line":47,"column":24}},"26":{"start":{"line":46,"column":4},"end":{"line":46,"column":22}},"27":{"start":{"line":49,"column":26},"end":{"line":59,"column":3}},"28":{"start":{"line":50,"column":4},"end":{"line":58,"column":5}},"29":{"start":{"line":51,"column":6},"end":{"line":51,"column":69}},"30":{"start":{"line":52,"column":19},"end":{"line":52,"column":55}},"31":{"start":{"line":53,"column":6},"end":{"line":53,"column":67}},"32":{"start":{"line":55,"column":6},"end":{"line":55,"column":83}},"33":{"start":{"line":57,"column":6},"end":{"line":57,"column":70}},"34":{"start":{"line":61,"column":24},"end":{"line":70,"column":3}},"35":{"start":{"line":62,"column":4},"end":{"line":69,"column":5}},"36":{"start":{"line":63,"column":6},"end":{"line":63,"column":33}},"37":{"start":{"line":65,"column":6},"end":{"line":65,"column":41}},"38":{"start":{"line":66,"column":6},"end":{"line":68,"column":7}},"39":{"start":{"line":67,"column":8},"end":{"line":67,"column":44}},"40":{"start":{"line":72,"column":31},"end":{"line":99,"column":3}},"41":{"start":{"line":73,"column":4},"end":{"line":98,"column":5}},"42":{"start":{"line":74,"column":6},"end":{"line":74,"column":21}},"43":{"start":{"line":76,"column":6},"end":{"line":89,"column":7}},"44":{"start":{"line":78,"column":8},"end":{"line":82,"column":9}},"45":{"start":{"line":79,"column":10},"end":{"line":79,"column":57}},"46":{"start":{"line":80,"column":10},"end":{"line":80,"column":63}},"47":{"start":{"line":81,"column":10},"end":{"line":81,"column":17}},"48":{"start":{"line":83,"column":24},"end":{"line":83,"column":64}},"49":{"start":{"line":84,"column":8},"end":{"line":84,"column":69}},"50":{"start":{"line":87,"column":31},"end":{"line":87,"column":61}},"51":{"start":{"line":88,"column":8},"end":{"line":88,"column":75}},"52":{"start":{"line":91,"column":6},"end":{"line":91,"column":30}},"53":{"start":{"line":93,"column":6},"end":{"line":95,"column":7}},"54":{"start":{"line":94,"column":8},"end":{"line":94,"column":44}},"55":{"start":{"line":97,"column":6},"end":{"line":97,"column":77}},"56":{"start":{"line":101,"column":35},"end":{"line":107,"column":3}},"57":{"start":{"line":102,"column":4},"end":{"line":106,"column":5}},"58":{"start":{"line":103,"column":6},"end":{"line":103,"column":73}},"59":{"start":{"line":104,"column":6},"end":{"line":104,"column":60}},"60":{"start":{"line":105,"column":6},"end":{"line":105,"column":24}},"61":{"start":{"line":109,"column":27},"end":{"line":120,"column":3}},"62":{"start":{"line":110,"column":4},"end":{"line":119,"column":5}},"63":{"start":{"line":111,"column":6},"end":{"line":111,"column":21}},"64":{"start":{"line":112,"column":6},"end":{"line":112,"column":39}},"65":{"start":{"line":113,"column":6},"end":{"line":113,"column":35}},"66":{"start":{"line":115,"column":6},"end":{"line":115,"column":42}},"67":{"start":{"line":116,"column":6},"end":{"line":116,"column":30}},"68":{"start":{"line":118,"column":6},"end":{"line":118,"column":77}},"69":{"start":{"line":122,"column":30},"end":{"line":133,"column":3}},"70":{"start":{"line":123,"column":4},"end":{"line":123,"column":23}},"71":{"start":{"line":124,"column":4},"end":{"line":132,"column":5}},"72":{"start":{"line":125,"column":6},"end":{"line":125,"column":21}},"73":{"start":{"line":126,"column":6},"end":{"line":126,"column":43}},"74":{"start":{"line":127,"column":6},"end":{"line":127,"column":35}},"75":{"start":{"line":128,"column":6},"end":{"line":128,"column":18}},"76":{"start":{"line":129,"column":6},"end":{"line":129,"column":30}},"77":{"start":{"line":131,"column":6},"end":{"line":131,"column":80}},"78":{"start":{"line":135,"column":33},"end":{"line":148,"column":3}},"79":{"start":{"line":136,"column":4},"end":{"line":136,"column":23}},"80":{"start":{"line":137,"column":4},"end":{"line":137,"column":35}},"81":{"start":{"line":137,"column":28},"end":{"line":137,"column":35}},"82":{"start":{"line":139,"column":4},"end":{"line":147,"column":5}},"83":{"start":{"line":140,"column":6},"end":{"line":140,"column":21}},"84":{"start":{"line":141,"column":6},"end":{"line":141,"column":65}},"85":{"start":{"line":142,"column":6},"end":{"line":142,"column":33}},"86":{"start":{"line":143,"column":6},"end":{"line":143,"column":18}},"87":{"start":{"line":144,"column":6},"end":{"line":144,"column":30}},"88":{"start":{"line":146,"column":6},"end":{"line":146,"column":83}},"89":{"start":{"line":150,"column":33},"end":{"line":159,"column":3}},"90":{"start":{"line":151,"column":4},"end":{"line":158,"column":5}},"91":{"start":{"line":152,"column":6},"end":{"line":152,"column":21}},"92":{"start":{"line":153,"column":6},"end":{"line":153,"column":37}},"93":{"start":{"line":154,"column":6},"end":{"line":154,"column":31}},"94":{"start":{"line":155,"column":6},"end":{"line":155,"column":30}},"95":{"start":{"line":157,"column":6},"end":{"line":157,"column":83}},"96":{"start":{"line":161,"column":20},"end":{"line":170,"column":3}},"97":{"start":{"line":162,"column":4},"end":{"line":162,"column":37}},"98":{"start":{"line":163,"column":4},"end":{"line":169,"column":7}},"99":{"start":{"line":172,"column":20},"end":{"line":180,"column":3}},"100":{"start":{"line":173,"column":4},"end":{"line":179,"column":7}},"101":{"start":{"line":182,"column":27},"end":{"line":184,"column":3}},"102":{"start":{"line":183,"column":4},"end":{"line":183,"column":60}},"103":{"start":{"line":186,"column":23},"end":{"line":190,"column":3}},"104":{"start":{"line":187,"column":20},"end":{"line":187,"column":42}},"105":{"start":{"line":188,"column":4},"end":{"line":188,"column":73}},"106":{"start":{"line":189,"column":4},"end":{"line":189,"column":29}},"107":{"start":{"line":192,"column":18},"end":{"line":196,"column":3}},"108":{"start":{"line":193,"column":18},"end":{"line":193,"column":28}},"109":{"start":{"line":195,"column":4},"end":{"line":195,"column":68}},"110":{"start":{"line":198,"column":21},"end":{"line":204,"column":3}},"111":{"start":{"line":199,"column":18},"end":{"line":199,"column":28}},"112":{"start":{"line":201,"column":21},"end":{"line":201,"column":47}},"113":{"start":{"line":202,"column":27},"end":{"line":202,"column":52}},"114":{"start":{"line":203,"column":4},"end":{"line":203,"column":57}},"115":{"start":{"line":206,"column":23},"end":{"line":212,"column":3}},"116":{"start":{"line":207,"column":18},"end":{"line":207,"column":28}},"117":{"start":{"line":209,"column":21},"end":{"line":209,"column":47}},"118":{"start":{"line":210,"column":27},"end":{"line":210,"column":52}},"119":{"start":{"line":211,"column":4},"end":{"line":211,"column":57}},"120":{"start":{"line":214,"column":25},"end":{"line":220,"column":3}},"121":{"start":{"line":215,"column":17},"end":{"line":215,"column":37}},"122":{"start":{"line":216,"column":4},"end":{"line":219,"column":6}},"123":{"start":{"line":222,"column":27},"end":{"line":232,"column":3}},"124":{"start":{"line":223,"column":46},"end":{"line":223,"column":48}},"125":{"start":{"line":224,"column":4},"end":{"line":230,"column":7}},"126":{"start":{"line":225,"column":23},"end":{"line":225,"column":52}},"127":{"start":{"line":226,"column":6},"end":{"line":228,"column":7}},"128":{"start":{"line":227,"column":8},"end":{"line":227,"column":27}},"129":{"start":{"line":229,"column":6},"end":{"line":229,"column":31}},"130":{"start":{"line":231,"column":4},"end":{"line":231,"column":19}},"131":{"start":{"line":245,"column":2},"end":{"line":247,"column":3}},"132":{"start":{"line":246,"column":4},"end":{"line":246,"column":73}},"133":{"start":{"line":249,"column":2},"end":{"line":618,"column":4}},"134":{"start":{"line":257,"column":27},"end":{"line":257,"column":47}},"135":{"start":{"line":286,"column":27},"end":{"line":286,"column":47}},"136":{"start":{"line":306,"column":27},"end":{"line":306,"column":41}},"137":{"start":{"line":327,"column":35},"end":{"line":327,"column":85}},"138":{"start":{"line":337,"column":35},"end":{"line":337,"column":87}},"139":{"start":{"line":347,"column":35},"end":{"line":347,"column":90}},"140":{"start":{"line":357,"column":35},"end":{"line":357,"column":108}},"141":{"start":{"line":368,"column":33},"end":{"line":368,"column":91}},"142":{"start":{"line":383,"column":18},"end":{"line":383,"column":47}},"143":{"start":{"line":384,"column":18},"end":{"line":384,"column":45}},"144":{"start":{"line":385,"column":18},"end":{"line":385,"column":30}},"145":{"start":{"line":399,"column":10},"end":{"line":551,"column":16}},"146":{"start":{"line":423,"column":31},"end":{"line":423,"column":66}},"147":{"start":{"line":443,"column":31},"end":{"line":443,"column":59}},"148":{"start":{"line":453,"column":31},"end":{"line":453,"column":52}},"149":{"start":{"line":461,"column":35},"end":{"line":461,"column":72}},"150":{"start":{"line":467,"column":35},"end":{"line":467,"column":59}},"151":{"start":{"line":475,"column":33},"end":{"line":475,"column":66}},"152":{"start":{"line":503,"column":22},"end":{"line":543,"column":28}},"153":{"start":{"line":507,"column":45},"end":{"line":507,"column":74}},"154":{"start":{"line":508,"column":28},"end":{"line":540,"column":30}},"155":{"start":{"line":518,"column":55},"end":{"line":518,"column":95}},"156":{"start":{"line":524,"column":55},"end":{"line":524,"column":83}},"157":{"start":{"line":532,"column":53},"end":{"line":532,"column":84}},"158":{"start":{"line":558,"column":25},"end":{"line":558,"column":52}},"159":{"start":{"line":564,"column":25},"end":{"line":564,"column":46}},"160":{"start":{"line":576,"column":23},"end":{"line":576,"column":45}},"161":{"start":{"line":582,"column":84},"end":{"line":582,"column":137}},"162":{"start":{"line":593,"column":33},"end":{"line":593,"column":62}},"163":{"start":{"line":606,"column":18},"end":{"line":606,"column":72}},"164":{"start":{"line":607,"column":18},"end":{"line":607,"column":36}}},"fnMap":{"0":{"name":"(anonymous_0)","decl":{"start":{"line":5,"column":26},"end":{"line":5,"column":27}},"loc":{"start":{"line":5,"column":32},"end":{"line":619,"column":1}},"line":5},"1":{"name":"(anonymous_1)","decl":{"start":{"line":30,"column":38},"end":{"line":30,"column":39}},"loc":{"start":{"line":30,"column":50},"end":{"line":42,"column":3}},"line":30},"2":{"name":"(anonymous_2)","decl":{"start":{"line":45,"column":12},"end":{"line":45,"column":13}},"loc":{"start":{"line":45,"column":18},"end":{"line":47,"column":3}},"line":45},"3":{"name":"(anonymous_3)","decl":{"start":{"line":49,"column":26},"end":{"line":49,"column":27}},"loc":{"start":{"line":49,"column":58},"end":{"line":59,"column":3}},"line":49},"4":{"name":"(anonymous_4)","decl":{"start":{"line":61,"column":24},"end":{"line":61,"column":25}},"loc":{"start":{"line":61,"column":56},"end":{"line":70,"column":3}},"line":61},"5":{"name":"(anonymous_5)","decl":{"start":{"line":72,"column":31},"end":{"line":72,"column":32}},"loc":{"start":{"line":72,"column":78},"end":{"line":99,"column":3}},"line":72},"6":{"name":"(anonymous_6)","decl":{"start":{"line":101,"column":35},"end":{"line":101,"column":36}},"loc":{"start":{"line":101,"column":47},"end":{"line":107,"column":3}},"line":101},"7":{"name":"(anonymous_7)","decl":{"start":{"line":109,"column":27},"end":{"line":109,"column":28}},"loc":{"start":{"line":109,"column":75},"end":{"line":120,"column":3}},"line":109},"8":{"name":"(anonymous_8)","decl":{"start":{"line":122,"column":30},"end":{"line":122,"column":31}},"loc":{"start":{"line":122,"column":60},"end":{"line":133,"column":3}},"line":122},"9":{"name":"(anonymous_9)","decl":{"start":{"line":135,"column":33},"end":{"line":135,"column":34}},"loc":{"start":{"line":135,"column":63},"end":{"line":148,"column":3}},"line":135},"10":{"name":"(anonymous_10)","decl":{"start":{"line":150,"column":33},"end":{"line":150,"column":34}},"loc":{"start":{"line":150,"column":55},"end":{"line":159,"column":3}},"line":150},"11":{"name":"(anonymous_11)","decl":{"start":{"line":161,"column":20},"end":{"line":161,"column":21}},"loc":{"start":{"line":161,"column":41},"end":{"line":170,"column":3}},"line":161},"12":{"name":"(anonymous_12)","decl":{"start":{"line":172,"column":20},"end":{"line":172,"column":21}},"loc":{"start":{"line":172,"column":26},"end":{"line":180,"column":3}},"line":172},"13":{"name":"(anonymous_13)","decl":{"start":{"line":182,"column":27},"end":{"line":182,"column":28}},"loc":{"start":{"line":182,"column":71},"end":{"line":184,"column":3}},"line":182},"14":{"name":"(anonymous_14)","decl":{"start":{"line":186,"column":23},"end":{"line":186,"column":24}},"loc":{"start":{"line":186,"column":55},"end":{"line":190,"column":3}},"line":186},"15":{"name":"(anonymous_15)","decl":{"start":{"line":192,"column":18},"end":{"line":192,"column":19}},"loc":{"start":{"line":192,"column":34},"end":{"line":196,"column":3}},"line":192},"16":{"name":"(anonymous_16)","decl":{"start":{"line":198,"column":21},"end":{"line":198,"column":22}},"loc":{"start":{"line":198,"column":37},"end":{"line":204,"column":3}},"line":198},"17":{"name":"(anonymous_17)","decl":{"start":{"line":206,"column":23},"end":{"line":206,"column":24}},"loc":{"start":{"line":206,"column":39},"end":{"line":212,"column":3}},"line":206},"18":{"name":"(anonymous_18)","decl":{"start":{"line":214,"column":25},"end":{"line":214,"column":26}},"loc":{"start":{"line":214,"column":49},"end":{"line":220,"column":3}},"line":214},"19":{"name":"(anonymous_19)","decl":{"start":{"line":222,"column":27},"end":{"line":222,"column":28}},"loc":{"start":{"line":222,"column":45},"end":{"line":232,"column":3}},"line":222},"20":{"name":"(anonymous_20)","decl":{"start":{"line":224,"column":18},"end":{"line":224,"column":19}},"loc":{"start":{"line":224,"column":26},"end":{"line":230,"column":5}},"line":224},"21":{"name":"(anonymous_21)","decl":{"start":{"line":257,"column":21},"end":{"line":257,"column":22}},"loc":{"start":{"line":257,"column":27},"end":{"line":257,"column":47}},"line":257},"22":{"name":"(anonymous_22)","decl":{"start":{"line":286,"column":21},"end":{"line":286,"column":22}},"loc":{"start":{"line":286,"column":27},"end":{"line":286,"column":47}},"line":286},"23":{"name":"(anonymous_23)","decl":{"start":{"line":306,"column":21},"end":{"line":306,"column":22}},"loc":{"start":{"line":306,"column":27},"end":{"line":306,"column":41}},"line":306},"24":{"name":"(anonymous_24)","decl":{"start":{"line":327,"column":28},"end":{"line":327,"column":29}},"loc":{"start":{"line":327,"column":35},"end":{"line":327,"column":85}},"line":327},"25":{"name":"(anonymous_25)","decl":{"start":{"line":337,"column":28},"end":{"line":337,"column":29}},"loc":{"start":{"line":337,"column":35},"end":{"line":337,"column":87}},"line":337},"26":{"name":"(anonymous_26)","decl":{"start":{"line":347,"column":28},"end":{"line":347,"column":29}},"loc":{"start":{"line":347,"column":35},"end":{"line":347,"column":90}},"line":347},"27":{"name":"(anonymous_27)","decl":{"start":{"line":357,"column":28},"end":{"line":357,"column":29}},"loc":{"start":{"line":357,"column":35},"end":{"line":357,"column":108}},"line":357},"28":{"name":"(anonymous_28)","decl":{"start":{"line":368,"column":26},"end":{"line":368,"column":27}},"loc":{"start":{"line":368,"column":33},"end":{"line":368,"column":91}},"line":368},"29":{"name":"(anonymous_29)","decl":{"start":{"line":382,"column":25},"end":{"line":382,"column":26}},"loc":{"start":{"line":382,"column":31},"end":{"line":386,"column":17}},"line":382},"30":{"name":"(anonymous_30)","decl":{"start":{"line":398,"column":25},"end":{"line":398,"column":26}},"loc":{"start":{"line":399,"column":10},"end":{"line":551,"column":16}},"line":399},"31":{"name":"(anonymous_31)","decl":{"start":{"line":423,"column":25},"end":{"line":423,"column":26}},"loc":{"start":{"line":423,"column":31},"end":{"line":423,"column":66}},"line":423},"32":{"name":"(anonymous_32)","decl":{"start":{"line":443,"column":25},"end":{"line":443,"column":26}},"loc":{"start":{"line":443,"column":31},"end":{"line":443,"column":59}},"line":443},"33":{"name":"(anonymous_33)","decl":{"start":{"line":453,"column":25},"end":{"line":453,"column":26}},"loc":{"start":{"line":453,"column":31},"end":{"line":453,"column":52}},"line":453},"34":{"name":"(anonymous_34)","decl":{"start":{"line":461,"column":29},"end":{"line":461,"column":30}},"loc":{"start":{"line":461,"column":35},"end":{"line":461,"column":72}},"line":461},"35":{"name":"(anonymous_35)","decl":{"start":{"line":467,"column":29},"end":{"line":467,"column":30}},"loc":{"start":{"line":467,"column":35},"end":{"line":467,"column":59}},"line":467},"36":{"name":"(anonymous_36)","decl":{"start":{"line":475,"column":27},"end":{"line":475,"column":28}},"loc":{"start":{"line":475,"column":33},"end":{"line":475,"column":66}},"line":475},"37":{"name":"(anonymous_37)","decl":{"start":{"line":502,"column":88},"end":{"line":502,"column":89}},"loc":{"start":{"line":503,"column":22},"end":{"line":543,"column":28}},"line":503},"38":{"name":"(anonymous_38)","decl":{"start":{"line":506,"column":51},"end":{"line":506,"column":52}},"loc":{"start":{"line":506,"column":68},"end":{"line":541,"column":27}},"line":506},"39":{"name":"(anonymous_39)","decl":{"start":{"line":518,"column":49},"end":{"line":518,"column":50}},"loc":{"start":{"line":518,"column":55},"end":{"line":518,"column":95}},"line":518},"40":{"name":"(anonymous_40)","decl":{"start":{"line":524,"column":49},"end":{"line":524,"column":50}},"loc":{"start":{"line":524,"column":55},"end":{"line":524,"column":83}},"line":524},"41":{"name":"(anonymous_41)","decl":{"start":{"line":532,"column":47},"end":{"line":532,"column":48}},"loc":{"start":{"line":532,"column":53},"end":{"line":532,"column":84}},"line":532},"42":{"name":"(anonymous_42)","decl":{"start":{"line":558,"column":19},"end":{"line":558,"column":20}},"loc":{"start":{"line":558,"column":25},"end":{"line":558,"column":52}},"line":558},"43":{"name":"(anonymous_43)","decl":{"start":{"line":564,"column":19},"end":{"line":564,"column":20}},"loc":{"start":{"line":564,"column":25},"end":{"line":564,"column":46}},"line":564},"44":{"name":"(anonymous_44)","decl":{"start":{"line":576,"column":17},"end":{"line":576,"column":18}},"loc":{"start":{"line":576,"column":23},"end":{"line":576,"column":45}},"line":576},"45":{"name":"(anonymous_45)","decl":{"start":{"line":582,"column":78},"end":{"line":582,"column":79}},"loc":{"start":{"line":582,"column":84},"end":{"line":582,"column":137}},"line":582},"46":{"name":"(anonymous_46)","decl":{"start":{"line":593,"column":26},"end":{"line":593,"column":27}},"loc":{"start":{"line":593,"column":33},"end":{"line":593,"column":62}},"line":593},"47":{"name":"(anonymous_47)","decl":{"start":{"line":605,"column":25},"end":{"line":605,"column":26}},"loc":{"start":{"line":605,"column":31},"end":{"line":608,"column":17}},"line":605}},"branchMap":{"0":{"loc":{"start":{"line":38,"column":15},"end":{"line":38,"column":71}},"type":"cond-expr","locations":[{"start":{"line":38,"column":38},"end":{"line":38,"column":49}},{"start":{"line":38,"column":52},"end":{"line":38,"column":71}}],"line":38},"1":{"loc":{"start":{"line":55,"column":15},"end":{"line":55,"column":81}},"type":"cond-expr","locations":[{"start":{"line":55,"column":38},"end":{"line":55,"column":49}},{"start":{"line":55,"column":52},"end":{"line":55,"column":81}}],"line":55},"2":{"loc":{"start":{"line":62,"column":4},"end":{"line":69,"column":5}},"type":"if","locations":[{"start":{"line":62,"column":4},"end":{"line":69,"column":5}},{"start":{"line":64,"column":11},"end":{"line":69,"column":5}}],"line":62},"3":{"loc":{"start":{"line":66,"column":6},"end":{"line":68,"column":7}},"type":"if","locations":[{"start":{"line":66,"column":6},"end":{"line":68,"column":7}},{"start":{},"end":{}}],"line":66},"4":{"loc":{"start":{"line":76,"column":6},"end":{"line":89,"column":7}},"type":"if","locations":[{"start":{"line":76,"column":6},"end":{"line":89,"column":7}},{"start":{"line":85,"column":13},"end":{"line":89,"column":7}}],"line":76},"5":{"loc":{"start":{"line":76,"column":10},"end":{"line":76,"column":60}},"type":"binary-expr","locations":[{"start":{"line":76,"column":10},"end":{"line":76,"column":34}},{"start":{"line":76,"column":38},"end":{"line":76,"column":60}}],"line":76},"6":{"loc":{"start":{"line":78,"column":8},"end":{"line":82,"column":9}},"type":"if","locations":[{"start":{"line":78,"column":8},"end":{"line":82,"column":9}},{"start":{},"end":{}}],"line":78},"7":{"loc":{"start":{"line":93,"column":6},"end":{"line":95,"column":7}},"type":"if","locations":[{"start":{"line":93,"column":6},"end":{"line":95,"column":7}},{"start":{},"end":{}}],"line":93},"8":{"loc":{"start":{"line":97,"column":15},"end":{"line":97,"column":75}},"type":"cond-expr","locations":[{"start":{"line":97,"column":38},"end":{"line":97,"column":49}},{"start":{"line":97,"column":52},"end":{"line":97,"column":75}}],"line":97},"9":{"loc":{"start":{"line":102,"column":4},"end":{"line":106,"column":5}},"type":"if","locations":[{"start":{"line":102,"column":4},"end":{"line":106,"column":5}},{"start":{},"end":{}}],"line":102},"10":{"loc":{"start":{"line":102,"column":8},"end":{"line":102,"column":48}},"type":"binary-expr","locations":[{"start":{"line":102,"column":8},"end":{"line":102,"column":34}},{"start":{"line":102,"column":38},"end":{"line":102,"column":48}}],"line":102},"11":{"loc":{"start":{"line":118,"column":15},"end":{"line":118,"column":75}},"type":"cond-expr","locations":[{"start":{"line":118,"column":38},"end":{"line":118,"column":49}},{"start":{"line":118,"column":52},"end":{"line":118,"column":75}}],"line":118},"12":{"loc":{"start":{"line":131,"column":15},"end":{"line":131,"column":78}},"type":"cond-expr","locations":[{"start":{"line":131,"column":38},"end":{"line":131,"column":49}},{"start":{"line":131,"column":52},"end":{"line":131,"column":78}}],"line":131},"13":{"loc":{"start":{"line":137,"column":4},"end":{"line":137,"column":35}},"type":"if","locations":[{"start":{"line":137,"column":4},"end":{"line":137,"column":35}},{"start":{},"end":{}}],"line":137},"14":{"loc":{"start":{"line":146,"column":15},"end":{"line":146,"column":81}},"type":"cond-expr","locations":[{"start":{"line":146,"column":38},"end":{"line":146,"column":49}},{"start":{"line":146,"column":52},"end":{"line":146,"column":81}}],"line":146},"15":{"loc":{"start":{"line":157,"column":15},"end":{"line":157,"column":81}},"type":"cond-expr","locations":[{"start":{"line":157,"column":38},"end":{"line":157,"column":49}},{"start":{"line":157,"column":52},"end":{"line":157,"column":81}}],"line":157},"16":{"loc":{"start":{"line":168,"column":20},"end":{"line":168,"column":49}},"type":"binary-expr","locations":[{"start":{"line":168,"column":20},"end":{"line":168,"column":43}},{"start":{"line":168,"column":47},"end":{"line":168,"column":49}}],"line":168},"17":{"loc":{"start":{"line":188,"column":41},"end":{"line":188,"column":70}},"type":"cond-expr","locations":[{"start":{"line":188,"column":64},"end":{"line":188,"column":65}},{"start":{"line":188,"column":68},"end":{"line":188,"column":70}}],"line":188},"18":{"loc":{"start":{"line":226,"column":6},"end":{"line":228,"column":7}},"type":"if","locations":[{"start":{"line":226,"column":6},"end":{"line":228,"column":7}},{"start":{},"end":{}}],"line":226},"19":{"loc":{"start":{"line":245,"column":2},"end":{"line":247,"column":3}},"type":"if","locations":[{"start":{"line":245,"column":2},"end":{"line":247,"column":3}},{"start":{},"end":{}}],"line":245},"20":{"loc":{"start":{"line":274,"column":13},"end":{"line":276,"column":13}},"type":"binary-expr","locations":[{"start":{"line":274,"column":13},"end":{"line":274,"column":34}},{"start":{"line":275,"column":14},"end":{"line":275,"column":103}}],"line":274},"21":{"loc":{"start":{"line":277,"column":13},"end":{"line":279,"column":13}},"type":"binary-expr","locations":[{"start":{"line":277,"column":13},"end":{"line":277,"column":37}},{"start":{"line":277,"column":41},"end":{"line":277,"column":63}},{"start":{"line":278,"column":14},"end":{"line":278,"column":100}}],"line":277},"22":{"loc":{"start":{"line":280,"column":13},"end":{"line":282,"column":13}},"type":"binary-expr","locations":[{"start":{"line":280,"column":13},"end":{"line":280,"column":39}},{"start":{"line":281,"column":14},"end":{"line":281,"column":106}}],"line":280},"23":{"loc":{"start":{"line":302,"column":7},"end":{"line":312,"column":7}},"type":"binary-expr","locations":[{"start":{"line":302,"column":7},"end":{"line":302,"column":12}},{"start":{"line":303,"column":8},"end":{"line":311,"column":14}}],"line":302},"24":{"loc":{"start":{"line":315,"column":7},"end":{"line":394,"column":7}},"type":"binary-expr","locations":[{"start":{"line":315,"column":8},"end":{"line":315,"column":26}},{"start":{"line":315,"column":30},"end":{"line":315,"column":47}},{"start":{"line":316,"column":8},"end":{"line":393,"column":14}}],"line":315},"25":{"loc":{"start":{"line":318,"column":13},"end":{"line":318,"column":73}},"type":"cond-expr","locations":[{"start":{"line":318,"column":33},"end":{"line":318,"column":50}},{"start":{"line":318,"column":53},"end":{"line":318,"column":73}}],"line":318},"26":{"loc":{"start":{"line":320,"column":26},"end":{"line":320,"column":90}},"type":"cond-expr","locations":[{"start":{"line":320,"column":46},"end":{"line":320,"column":68}},{"start":{"line":320,"column":71},"end":{"line":320,"column":90}}],"line":320},"27":{"loc":{"start":{"line":378,"column":17},"end":{"line":378,"column":53}},"type":"cond-expr","locations":[{"start":{"line":378,"column":37},"end":{"line":378,"column":45}},{"start":{"line":378,"column":48},"end":{"line":378,"column":53}}],"line":378},"28":{"loc":{"start":{"line":404,"column":15},"end":{"line":406,"column":15}},"type":"binary-expr","locations":[{"start":{"line":404,"column":15},"end":{"line":404,"column":38}},{"start":{"line":405,"column":16},"end":{"line":405,"column":87}}],"line":404},"29":{"loc":{"start":{"line":414,"column":15},"end":{"line":418,"column":15}},"type":"binary-expr","locations":[{"start":{"line":414,"column":15},"end":{"line":414,"column":39}},{"start":{"line":415,"column":16},"end":{"line":417,"column":20}}],"line":414},"30":{"loc":{"start":{"line":425,"column":18},"end":{"line":426,"column":44}},"type":"binary-expr","locations":[{"start":{"line":425,"column":18},"end":{"line":425,"column":78}},{"start":{"line":426,"column":18},"end":{"line":426,"column":44}}],"line":425},"31":{"loc":{"start":{"line":429,"column":18},"end":{"line":431,"column":64}},"type":"cond-expr","locations":[{"start":{"line":430,"column":22},"end":{"line":430,"column":68}},{"start":{"line":431,"column":22},"end":{"line":431,"column":64}}],"line":429},"32":{"loc":{"start":{"line":429,"column":18},"end":{"line":429,"column":108}},"type":"binary-expr","locations":[{"start":{"line":429,"column":18},"end":{"line":429,"column":78}},{"start":{"line":429,"column":82},"end":{"line":429,"column":108}}],"line":429},"33":{"loc":{"start":{"line":434,"column":17},"end":{"line":440,"column":30}},"type":"cond-expr","locations":[{"start":{"line":435,"column":20},"end":{"line":435,"column":31}},{"start":{"line":436,"column":20},"end":{"line":440,"column":30}}],"line":434},"34":{"loc":{"start":{"line":436,"column":20},"end":{"line":440,"column":30}},"type":"cond-expr","locations":[{"start":{"line":437,"column":20},"end":{"line":437,"column":33}},{"start":{"line":438,"column":20},"end":{"line":440,"column":30}}],"line":436},"35":{"loc":{"start":{"line":438,"column":20},"end":{"line":440,"column":30}},"type":"cond-expr","locations":[{"start":{"line":439,"column":20},"end":{"line":439,"column":33}},{"start":{"line":440,"column":20},"end":{"line":440,"column":30}}],"line":438},"36":{"loc":{"start":{"line":438,"column":20},"end":{"line":438,"column":70}},"type":"binary-expr","locations":[{"start":{"line":438,"column":20},"end":{"line":438,"column":44}},{"start":{"line":438,"column":48},"end":{"line":438,"column":70}}],"line":438},"37":{"loc":{"start":{"line":445,"column":18},"end":{"line":447,"column":58}},"type":"cond-expr","locations":[{"start":{"line":446,"column":22},"end":{"line":446,"column":48}},{"start":{"line":447,"column":22},"end":{"line":447,"column":58}}],"line":445},"38":{"loc":{"start":{"line":450,"column":17},"end":{"line":450,"column":86}},"type":"cond-expr","locations":[{"start":{"line":450,"column":55},"end":{"line":450,"column":69}},{"start":{"line":450,"column":72},"end":{"line":450,"column":86}}],"line":450},"39":{"loc":{"start":{"line":458,"column":15},"end":{"line":480,"column":15}},"type":"cond-expr","locations":[{"start":{"line":459,"column":16},"end":{"line":472,"column":19}},{"start":{"line":474,"column":16},"end":{"line":479,"column":25}}],"line":458},"40":{"loc":{"start":{"line":492,"column":13},"end":{"line":550,"column":13}},"type":"binary-expr","locations":[{"start":{"line":492,"column":13},"end":{"line":492,"column":48}},{"start":{"line":493,"column":14},"end":{"line":549,"column":20}}],"line":492},"41":{"loc":{"start":{"line":496,"column":17},"end":{"line":548,"column":17}},"type":"cond-expr","locations":[{"start":{"line":497,"column":18},"end":{"line":499,"column":24}},{"start":{"line":500,"column":20},"end":{"line":548,"column":17}}],"line":496},"42":{"loc":{"start":{"line":500,"column":20},"end":{"line":548,"column":17}},"type":"cond-expr","locations":[{"start":{"line":501,"column":18},"end":{"line":545,"column":24}},{"start":{"line":547,"column":18},"end":{"line":547,"column":89}}],"line":500},"43":{"loc":{"start":{"line":500,"column":20},"end":{"line":500,"column":91}},"type":"binary-expr","locations":[{"start":{"line":500,"column":20},"end":{"line":500,"column":48}},{"start":{"line":500,"column":52},"end":{"line":500,"column":91}}],"line":500},"44":{"loc":{"start":{"line":515,"column":35},"end":{"line":537,"column":35}},"type":"cond-expr","locations":[{"start":{"line":516,"column":36},"end":{"line":529,"column":42}},{"start":{"line":531,"column":36},"end":{"line":536,"column":45}}],"line":515},"45":{"loc":{"start":{"line":580,"column":7},"end":{"line":616,"column":7}},"type":"binary-expr","locations":[{"start":{"line":580,"column":7},"end":{"line":580,"column":25}},{"start":{"line":581,"column":8},"end":{"line":615,"column":11}}],"line":580}},"s":{"0":1,"1":72,"2":71,"3":71,"4":71,"5":71,"6":71,"7":71,"8":71,"9":71,"10":71,"11":71,"12":71,"13":71,"14":71,"15":71,"16":71,"17":29,"18":29,"19":29,"20":29,"21":29,"22":28,"23":1,"24":29,"25":71,"26":28,"27":71,"28":2,"29":2,"30":2,"31":2,"32":0,"33":2,"34":71,"35":2,"36":0,"37":2,"38":2,"39":2,"40":71,"41":3,"42":3,"43":3,"44":3,"45":3,"46":3,"47":3,"48":0,"49":0,"50":0,"51":0,"52":0,"53":0,"54":0,"55":0,"56":71,"57":0,"58":0,"59":0,"60":0,"61":71,"62":0,"63":0,"64":0,"65":0,"66":0,"67":0,"68":0,"69":71,"70":0,"71":0,"72":0,"73":0,"74":0,"75":0,"76":0,"77":0,"78":71,"79":0,"80":0,"81":0,"82":0,"83":0,"84":0,"85":0,"86":0,"87":0,"88":0,"89":71,"90":1,"91":1,"92":1,"93":1,"94":1,"95":0,"96":71,"97":0,"98":0,"99":71,"100":0,"101":71,"102":7,"103":71,"104":2,"105":2,"106":2,"107":71,"108":82,"109":82,"110":71,"111":87,"112":87,"113":87,"114":87,"115":71,"116":169,"117":169,"118":169,"119":169,"120":71,"121":6,"122":6,"123":71,"124":3,"125":3,"126":3,"127":3,"128":3,"129":3,"130":3,"131":71,"132":28,"133":43,"134":1,"135":1,"136":0,"137":0,"138":0,"139":0,"140":0,"141":0,"142":0,"143":0,"144":0,"145":42,"146":3,"147":2,"148":0,"149":1,"150":0,"151":1,"152":3,"153":3,"154":3,"155":0,"156":0,"157":0,"158":0,"159":0,"160":0,"161":0,"162":1,"163":0,"164":0},"f":{"0":72,"1":29,"2":28,"3":2,"4":2,"5":3,"6":0,"7":0,"8":0,"9":0,"10":1,"11":0,"12":0,"13":7,"14":2,"15":82,"16":87,"17":169,"18":6,"19":3,"20":3,"21":1,"22":1,"23":0,"24":0,"25":0,"26":0,"27":0,"28":0,"29":0,"30":42,"31":3,"32":2,"33":0,"34":1,"35":0,"36":1,"37":3,"38":3,"39":0,"40":0,"41":0,"42":0,"43":0,"44":0,"45":0,"46":1,"47":0},"b":{"0":[1,0],"1":[0,0],"2":[0,2],"3":[2,0],"4":[3,0],"5":[3,3],"6":[3,0],"7":[0,0],"8":[0,0],"9":[0,0],"10":[0,0],"11":[0,0],"12":[0,0],"13":[0,0],"14":[0,0],"15":[0,0],"16":[0,0],"17":[1,1],"18":[3,0],"19":[28,43],"20":[43,24],"21":[43,18,18],"22":[43,1],"23":[43,1],"24":[43,43,0],"25":[0,0],"26":[0,0],"27":[0,0],"28":[42,42],"29":[42,0],"30":[42,42],"31":[1,41],"32":[42,42],"33":[0,42],"34":[1,41],"35":[18,23],"36":[41,18],"37":[6,36],"38":[6,36],"39":[3,39],"40":[42,6],"41":[3,3],"42":[3,0],"43":[3,3],"44":[0,3],"45":[43,4]},"_coverageSchema":"1a1c01bbd47fc00a2c39e90264f33305004495a9","hash":"cb024842429aab5065059f5a72154c8371811fb1"}
,"/Users/sjafferali/github/personal/meditrack/frontend/src/services/api.js": {"path":"/Users/sjafferali/github/personal/meditrack/frontend/src/services/api.js","statementMap":{"0":{"start":{"line":3,"column":21},"end":{"line":3,"column":30}},"1":{"start":{"line":5,"column":12},"end":{"line":10,"column":2}},"2":{"start":{"line":13,"column":0},"end":{"line":28,"column":2}},"3":{"start":{"line":14,"column":16},"end":{"line":14,"column":24}},"4":{"start":{"line":16,"column":4},"end":{"line":26,"column":5}},"5":{"start":{"line":18,"column":22},"end":{"line":18,"column":71}},"6":{"start":{"line":19,"column":6},"end":{"line":19,"column":31}},"7":{"start":{"line":20,"column":11},"end":{"line":26,"column":5}},"8":{"start":{"line":22,"column":6},"end":{"line":22,"column":70}},"9":{"start":{"line":25,"column":6},"end":{"line":25,"column":54}},"10":{"start":{"line":30,"column":22},"end":{"line":80,"column":1}},"11":{"start":{"line":33,"column":4},"end":{"line":38,"column":5}},"12":{"start":{"line":34,"column":23},"end":{"line":34,"column":65}},"13":{"start":{"line":35,"column":6},"end":{"line":35,"column":27}},"14":{"start":{"line":37,"column":6},"end":{"line":37,"column":18}},"15":{"start":{"line":43,"column":4},"end":{"line":48,"column":5}},"16":{"start":{"line":44,"column":23},"end":{"line":44,"column":58}},"17":{"start":{"line":45,"column":6},"end":{"line":45,"column":27}},"18":{"start":{"line":47,"column":6},"end":{"line":47,"column":18}},"19":{"start":{"line":53,"column":4},"end":{"line":58,"column":5}},"20":{"start":{"line":54,"column":23},"end":{"line":54,"column":66}},"21":{"start":{"line":55,"column":6},"end":{"line":55,"column":27}},"22":{"start":{"line":57,"column":6},"end":{"line":57,"column":18}},"23":{"start":{"line":63,"column":4},"end":{"line":68,"column":5}},"24":{"start":{"line":64,"column":23},"end":{"line":64,"column":67}},"25":{"start":{"line":65,"column":6},"end":{"line":65,"column":27}},"26":{"start":{"line":67,"column":6},"end":{"line":67,"column":18}},"27":{"start":{"line":73,"column":4},"end":{"line":78,"column":5}},"28":{"start":{"line":74,"column":6},"end":{"line":74,"column":45}},"29":{"start":{"line":75,"column":6},"end":{"line":75,"column":18}},"30":{"start":{"line":77,"column":6},"end":{"line":77,"column":18}},"31":{"start":{"line":82,"column":16},"end":{"line":164,"column":1}},"32":{"start":{"line":85,"column":4},"end":{"line":90,"column":5}},"33":{"start":{"line":86,"column":23},"end":{"line":86,"column":80}},"34":{"start":{"line":87,"column":6},"end":{"line":87,"column":27}},"35":{"start":{"line":89,"column":6},"end":{"line":89,"column":18}},"36":{"start":{"line":95,"column":4},"end":{"line":102,"column":5}},"37":{"start":{"line":96,"column":23},"end":{"line":98,"column":8}},"38":{"start":{"line":99,"column":6},"end":{"line":99,"column":27}},"39":{"start":{"line":101,"column":6},"end":{"line":101,"column":18}},"40":{"start":{"line":107,"column":4},"end":{"line":112,"column":5}},"41":{"start":{"line":108,"column":23},"end":{"line":108,"column":121}},"42":{"start":{"line":109,"column":6},"end":{"line":109,"column":27}},"43":{"start":{"line":111,"column":6},"end":{"line":111,"column":18}},"44":{"start":{"line":117,"column":4},"end":{"line":122,"column":5}},"45":{"start":{"line":118,"column":23},"end":{"line":118,"column":80}},"46":{"start":{"line":119,"column":6},"end":{"line":119,"column":27}},"47":{"start":{"line":121,"column":6},"end":{"line":121,"column":18}},"48":{"start":{"line":127,"column":4},"end":{"line":132,"column":5}},"49":{"start":{"line":128,"column":23},"end":{"line":128,"column":88}},"50":{"start":{"line":129,"column":6},"end":{"line":129,"column":27}},"51":{"start":{"line":131,"column":6},"end":{"line":131,"column":18}},"52":{"start":{"line":137,"column":4},"end":{"line":142,"column":5}},"53":{"start":{"line":138,"column":23},"end":{"line":138,"column":60}},"54":{"start":{"line":139,"column":6},"end":{"line":139,"column":27}},"55":{"start":{"line":141,"column":6},"end":{"line":141,"column":18}},"56":{"start":{"line":147,"column":4},"end":{"line":152,"column":5}},"57":{"start":{"line":148,"column":23},"end":{"line":148,"column":68}},"58":{"start":{"line":149,"column":6},"end":{"line":149,"column":27}},"59":{"start":{"line":151,"column":6},"end":{"line":151,"column":18}},"60":{"start":{"line":157,"column":4},"end":{"line":162,"column":5}},"61":{"start":{"line":158,"column":6},"end":{"line":158,"column":43}},"62":{"start":{"line":159,"column":6},"end":{"line":159,"column":18}},"63":{"start":{"line":161,"column":6},"end":{"line":161,"column":18}}},"fnMap":{"0":{"name":"(anonymous_0)","decl":{"start":{"line":14,"column":2},"end":{"line":14,"column":3}},"loc":{"start":{"line":14,"column":16},"end":{"line":14,"column":24}},"line":14},"1":{"name":"(anonymous_1)","decl":{"start":{"line":15,"column":2},"end":{"line":15,"column":3}},"loc":{"start":{"line":15,"column":13},"end":{"line":27,"column":3}},"line":15},"2":{"name":"(anonymous_2)","decl":{"start":{"line":32,"column":10},"end":{"line":32,"column":11}},"loc":{"start":{"line":32,"column":33},"end":{"line":39,"column":3}},"line":32},"3":{"name":"(anonymous_3)","decl":{"start":{"line":42,"column":11},"end":{"line":42,"column":12}},"loc":{"start":{"line":42,"column":25},"end":{"line":49,"column":3}},"line":42},"4":{"name":"(anonymous_4)","decl":{"start":{"line":52,"column":10},"end":{"line":52,"column":11}},"loc":{"start":{"line":52,"column":32},"end":{"line":59,"column":3}},"line":52},"5":{"name":"(anonymous_5)","decl":{"start":{"line":62,"column":10},"end":{"line":62,"column":11}},"loc":{"start":{"line":62,"column":33},"end":{"line":69,"column":3}},"line":62},"6":{"name":"(anonymous_6)","decl":{"start":{"line":72,"column":10},"end":{"line":72,"column":11}},"loc":{"start":{"line":72,"column":24},"end":{"line":79,"column":3}},"line":72},"7":{"name":"(anonymous_7)","decl":{"start":{"line":84,"column":14},"end":{"line":84,"column":15}},"loc":{"start":{"line":84,"column":38},"end":{"line":91,"column":3}},"line":84},"8":{"name":"(anonymous_8)","decl":{"start":{"line":94,"column":26},"end":{"line":94,"column":27}},"loc":{"start":{"line":94,"column":66},"end":{"line":103,"column":3}},"line":94},"9":{"name":"(anonymous_9)","decl":{"start":{"line":106,"column":21},"end":{"line":106,"column":22}},"loc":{"start":{"line":106,"column":57},"end":{"line":113,"column":3}},"line":106},"10":{"name":"(anonymous_10)","decl":{"start":{"line":116,"column":12},"end":{"line":116,"column":13}},"loc":{"start":{"line":116,"column":36},"end":{"line":123,"column":3}},"line":116},"11":{"name":"(anonymous_11)","decl":{"start":{"line":126,"column":18},"end":{"line":126,"column":19}},"loc":{"start":{"line":126,"column":48},"end":{"line":133,"column":3}},"line":126},"12":{"name":"(anonymous_12)","decl":{"start":{"line":136,"column":19},"end":{"line":136,"column":20}},"loc":{"start":{"line":136,"column":31},"end":{"line":143,"column":3}},"line":136},"13":{"name":"(anonymous_13)","decl":{"start":{"line":146,"column":25},"end":{"line":146,"column":26}},"loc":{"start":{"line":146,"column":41},"end":{"line":153,"column":3}},"line":146},"14":{"name":"(anonymous_14)","decl":{"start":{"line":156,"column":14},"end":{"line":156,"column":15}},"loc":{"start":{"line":156,"column":32},"end":{"line":163,"column":3}},"line":156}},"branchMap":{"0":{"loc":{"start":{"line":16,"column":4},"end":{"line":26,"column":5}},"type":"if","locations":[{"start":{"line":16,"column":4},"end":{"line":26,"column":5}},{"start":{"line":20,"column":11},"end":{"line":26,"column":5}}],"line":16},"1":{"loc":{"start":{"line":18,"column":22},"end":{"line":18,"column":71}},"type":"binary-expr","locations":[{"start":{"line":18,"column":22},"end":{"line":18,"column":48}},{"start":{"line":18,"column":52},"end":{"line":18,"column":71}}],"line":18},"2":{"loc":{"start":{"line":20,"column":11},"end":{"line":26,"column":5}},"type":"if","locations":[{"start":{"line":20,"column":11},"end":{"line":26,"column":5}},{"start":{"line":23,"column":11},"end":{"line":26,"column":5}}],"line":20},"3":{"loc":{"start":{"line":32,"column":17},"end":{"line":32,"column":28}},"type":"default-arg","locations":[{"start":{"line":32,"column":26},"end":{"line":32,"column":28}}],"line":32}},"s":{"0":3,"1":3,"2":3,"3":0,"4":0,"5":0,"6":0,"7":0,"8":0,"9":0,"10":3,"11":0,"12":0,"13":0,"14":0,"15":0,"16":0,"17":0,"18":0,"19":0,"20":0,"21":0,"22":0,"23":0,"24":0,"25":0,"26":0,"27":0,"28":0,"29":0,"30":0,"31":3,"32":0,"33":0,"34":0,"35":0,"36":0,"37":0,"38":0,"39":0,"40":0,"41":0,"42":0,"43":0,"44":0,"45":0,"46":0,"47":0,"48":0,"49":0,"50":0,"51":0,"52":0,"53":0,"54":0,"55":0,"56":0,"57":0,"58":0,"59":0,"60":0,"61":0,"62":0,"63":0},"f":{"0":0,"1":0,"2":0,"3":0,"4":0,"5":0,"6":0,"7":0,"8":0,"9":0,"10":0,"11":0,"12":0,"13":0,"14":0},"b":{"0":[0,0],"1":[0,0],"2":[0,0],"3":[0]},"_coverageSchema":"1a1c01bbd47fc00a2c39e90264f33305004495a9","hash":"f83c284711618c023d6147a5a1eb39355c97ee16"}
}
