{"/Users/sjafferali/github/personal/meditrack/frontend/src/App.js": {"path":"/Users/sjafferali/github/personal/meditrack/frontend/src/App.js","statementMap":{"0":{"start":{"line":6,"column":2},"end":{"line":10,"column":4}}},"fnMap":{"0":{"name":"App","decl":{"start":{"line":5,"column":9},"end":{"line":5,"column":12}},"loc":{"start":{"line":5,"column":15},"end":{"line":11,"column":1}},"line":5}},"branchMap":{},"s":{"0":2},"f":{"0":2},"b":{},"_coverageSchema":"1a1c01bbd47fc00a2c39e90264f33305004495a9","hash":"969ebbe423d0a469416c1246409a069f61f2e77b"}
,"/Users/sjafferali/github/personal/meditrack/frontend/src/index.js": {"path":"/Users/sjafferali/github/personal/meditrack/frontend/src/index.js","statementMap":{"0":{"start":{"line":6,"column":13},"end":{"line":6,"column":65}},"1":{"start":{"line":7,"column":0},"end":{"line":11,"column":2}}},"fnMap":{},"branchMap":{},"s":{"0":0,"1":0},"f":{},"b":{}}
,"/Users/sjafferali/github/personal/meditrack/frontend/src/components/DailyDoseLog.tsx": {"path":"/Users/sjafferali/github/personal/meditrack/frontend/src/components/DailyDoseLog.tsx","statementMap":{"0":{"start":{"line":21,"column":50},"end":{"line":201,"column":1}},"1":{"start":{"line":22,"column":32},"end":{"line":22,"column":67}},"2":{"start":{"line":23,"column":32},"end":{"line":23,"column":47}},"3":{"start":{"line":24,"column":28},"end":{"line":24,"column":57}},"4":{"start":{"line":25,"column":30},"end":{"line":25,"column":45}},"5":{"start":{"line":27,"column":27},"end":{"line":39,"column":3}},"6":{"start":{"line":28,"column":4},"end":{"line":38,"column":5}},"7":{"start":{"line":29,"column":6},"end":{"line":29,"column":23}},"8":{"start":{"line":30,"column":6},"end":{"line":30,"column":21}},"9":{"start":{"line":31,"column":22},"end":{"line":31,"column":62}},"10":{"start":{"line":32,"column":19},"end":{"line":32,"column":63}},"11":{"start":{"line":33,"column":6},"end":{"line":33,"column":23}},"12":{"start":{"line":35,"column":6},"end":{"line":35,"column":84}},"13":{"start":{"line":37,"column":6},"end":{"line":37,"column":24}},"14":{"start":{"line":41,"column":2},"end":{"line":45,"column":29}},"15":{"start":{"line":42,"column":4},"end":{"line":44,"column":5}},"16":{"start":{"line":43,"column":6},"end":{"line":43,"column":25}},"17":{"start":{"line":47,"column":28},"end":{"line":50,"column":3}},"18":{"start":{"line":48,"column":17},"end":{"line":48,"column":36}},"19":{"start":{"line":49,"column":4},"end":{"line":49,"column":79}},"20":{"start":{"line":52,"column":27},"end":{"line":94,"column":3}},"21":{"start":{"line":53,"column":4},"end":{"line":53,"column":28}},"22":{"start":{"line":53,"column":18},"end":{"line":53,"column":28}},"23":{"start":{"line":55,"column":26},"end":{"line":60,"column":6}},"24":{"start":{"line":62,"column":15},"end":{"line":62,"column":52}},"25":{"start":{"line":63,"column":4},"end":{"line":63,"column":36}},"26":{"start":{"line":66,"column":83},"end":{"line":66,"column":85}},"27":{"start":{"line":68,"column":4},"end":{"line":77,"column":7}},"28":{"start":{"line":69,"column":6},"end":{"line":76,"column":7}},"29":{"start":{"line":70,"column":8},"end":{"line":75,"column":11}},"30":{"start":{"line":71,"column":10},"end":{"line":74,"column":13}},"31":{"start":{"line":80,"column":4},"end":{"line":80,"column":85}},"32":{"start":{"line":80,"column":28},"end":{"line":80,"column":83}},"33":{"start":{"line":82,"column":4},"end":{"line":88,"column":5}},"34":{"start":{"line":83,"column":6},"end":{"line":83,"column":53}},"35":{"start":{"line":85,"column":6},"end":{"line":87,"column":9}},"36":{"start":{"line":86,"column":8},"end":{"line":86,"column":73}},"37":{"start":{"line":90,"column":4},"end":{"line":90,"column":41}},"38":{"start":{"line":91,"column":4},"end":{"line":91,"column":59}},"39":{"start":{"line":93,"column":4},"end":{"line":93,"column":16}},"40":{"start":{"line":96,"column":32},"end":{"line":121,"column":3}},"41":{"start":{"line":97,"column":4},"end":{"line":120,"column":5}},"42":{"start":{"line":98,"column":19},"end":{"line":98,"column":37}},"43":{"start":{"line":101,"column":6},"end":{"line":113,"column":7}},"44":{"start":{"line":102,"column":8},"end":{"line":102,"column":50}},"45":{"start":{"line":105,"column":25},"end":{"line":105,"column":59}},"46":{"start":{"line":106,"column":8},"end":{"line":106,"column":30}},"47":{"start":{"line":107,"column":8},"end":{"line":107,"column":42}},"48":{"start":{"line":108,"column":8},"end":{"line":108,"column":37}},"49":{"start":{"line":109,"column":8},"end":{"line":109,"column":44}},"50":{"start":{"line":110,"column":8},"end":{"line":110,"column":26}},"51":{"start":{"line":111,"column":8},"end":{"line":111,"column":37}},"52":{"start":{"line":112,"column":8},"end":{"line":112,"column":44}},"53":{"start":{"line":115,"column":6},"end":{"line":115,"column":22}},"54":{"start":{"line":116,"column":6},"end":{"line":116,"column":47}},"55":{"start":{"line":116,"column":23},"end":{"line":116,"column":39}},"56":{"start":{"line":118,"column":6},"end":{"line":118,"column":57}},"57":{"start":{"line":119,"column":6},"end":{"line":119,"column":65}},"58":{"start":{"line":123,"column":2},"end":{"line":123,"column":27}},"59":{"start":{"line":123,"column":15},"end":{"line":123,"column":27}},"60":{"start":{"line":125,"column":2},"end":{"line":200,"column":4}}},"fnMap":{"0":{"name":"(anonymous_0)","decl":{"start":{"line":21,"column":50},"end":{"line":21,"column":51}},"loc":{"start":{"line":21,"column":89},"end":{"line":201,"column":1}},"line":21},"1":{"name":"(anonymous_1)","decl":{"start":{"line":27,"column":27},"end":{"line":27,"column":28}},"loc":{"start":{"line":27,"column":39},"end":{"line":39,"column":3}},"line":27},"2":{"name":"(anonymous_2)","decl":{"start":{"line":41,"column":12},"end":{"line":41,"column":13}},"loc":{"start":{"line":41,"column":18},"end":{"line":45,"column":3}},"line":41},"3":{"name":"(anonymous_3)","decl":{"start":{"line":47,"column":28},"end":{"line":47,"column":29}},"loc":{"start":{"line":47,"column":51},"end":{"line":50,"column":3}},"line":47},"4":{"name":"(anonymous_4)","decl":{"start":{"line":52,"column":27},"end":{"line":52,"column":28}},"loc":{"start":{"line":52,"column":33},"end":{"line":94,"column":3}},"line":52},"5":{"name":"(anonymous_5)","decl":{"start":{"line":68,"column":32},"end":{"line":68,"column":33}},"loc":{"start":{"line":68,"column":46},"end":{"line":77,"column":5}},"line":68},"6":{"name":"(anonymous_6)","decl":{"start":{"line":70,"column":38},"end":{"line":70,"column":39}},"loc":{"start":{"line":70,"column":46},"end":{"line":75,"column":9}},"line":70},"7":{"name":"(anonymous_7)","decl":{"start":{"line":80,"column":18},"end":{"line":80,"column":19}},"loc":{"start":{"line":80,"column":28},"end":{"line":80,"column":83}},"line":80},"8":{"name":"(anonymous_8)","decl":{"start":{"line":85,"column":23},"end":{"line":85,"column":24}},"loc":{"start":{"line":85,"column":31},"end":{"line":87,"column":7}},"line":85},"9":{"name":"(anonymous_9)","decl":{"start":{"line":96,"column":32},"end":{"line":96,"column":33}},"loc":{"start":{"line":96,"column":44},"end":{"line":121,"column":3}},"line":96},"10":{"name":"(anonymous_10)","decl":{"start":{"line":116,"column":17},"end":{"line":116,"column":18}},"loc":{"start":{"line":116,"column":23},"end":{"line":116,"column":39}},"line":116}},"branchMap":{"0":{"loc":{"start":{"line":35,"column":15},"end":{"line":35,"column":82}},"type":"cond-expr","locations":[{"start":{"line":35,"column":38},"end":{"line":35,"column":49}},{"start":{"line":35,"column":52},"end":{"line":35,"column":82}}],"line":35},"1":{"loc":{"start":{"line":42,"column":4},"end":{"line":44,"column":5}},"type":"if","locations":[{"start":{"line":42,"column":4},"end":{"line":44,"column":5}},{"start":{},"end":{}}],"line":42},"2":{"loc":{"start":{"line":53,"column":4},"end":{"line":53,"column":28}},"type":"if","locations":[{"start":{"line":53,"column":4},"end":{"line":53,"column":28}},{"start":{},"end":{}}],"line":53},"3":{"loc":{"start":{"line":69,"column":6},"end":{"line":76,"column":7}},"type":"if","locations":[{"start":{"line":69,"column":6},"end":{"line":76,"column":7}},{"start":{},"end":{}}],"line":69},"4":{"loc":{"start":{"line":82,"column":4},"end":{"line":88,"column":5}},"type":"if","locations":[{"start":{"line":82,"column":4},"end":{"line":88,"column":5}},{"start":{"line":84,"column":11},"end":{"line":88,"column":5}}],"line":82},"5":{"loc":{"start":{"line":101,"column":6},"end":{"line":113,"column":7}},"type":"if","locations":[{"start":{"line":101,"column":6},"end":{"line":113,"column":7}},{"start":{"line":103,"column":13},"end":{"line":113,"column":7}}],"line":101},"6":{"loc":{"start":{"line":101,"column":10},"end":{"line":101,"column":62}},"type":"binary-expr","locations":[{"start":{"line":101,"column":10},"end":{"line":101,"column":29}},{"start":{"line":101,"column":33},"end":{"line":101,"column":62}}],"line":101},"7":{"loc":{"start":{"line":123,"column":2},"end":{"line":123,"column":27}},"type":"if","locations":[{"start":{"line":123,"column":2},"end":{"line":123,"column":27}},{"start":{},"end":{}}],"line":123},"8":{"loc":{"start":{"line":158,"column":9},"end":{"line":162,"column":9}},"type":"binary-expr","locations":[{"start":{"line":158,"column":9},"end":{"line":158,"column":16}},{"start":{"line":159,"column":10},"end":{"line":161,"column":16}}],"line":158},"9":{"loc":{"start":{"line":164,"column":9},"end":{"line":168,"column":9}},"type":"binary-expr","locations":[{"start":{"line":164,"column":9},"end":{"line":164,"column":14}},{"start":{"line":165,"column":10},"end":{"line":167,"column":16}}],"line":164},"10":{"loc":{"start":{"line":170,"column":9},"end":{"line":197,"column":9}},"type":"binary-expr","locations":[{"start":{"line":170,"column":9},"end":{"line":170,"column":17}},{"start":{"line":170,"column":21},"end":{"line":170,"column":27}},{"start":{"line":170,"column":31},"end":{"line":170,"column":38}},{"start":{"line":171,"column":10},"end":{"line":196,"column":13}}],"line":170},"11":{"loc":{"start":{"line":182,"column":18},"end":{"line":184,"column":64}},"type":"cond-expr","locations":[{"start":{"line":183,"column":22},"end":{"line":183,"column":47}},{"start":{"line":184,"column":22},"end":{"line":184,"column":64}}],"line":182},"12":{"loc":{"start":{"line":187,"column":17},"end":{"line":187,"column":57}},"type":"cond-expr","locations":[{"start":{"line":187,"column":26},"end":{"line":187,"column":35}},{"start":{"line":187,"column":38},"end":{"line":187,"column":57}}],"line":187}},"s":{"0":2,"1":50,"2":50,"3":50,"4":50,"5":50,"6":8,"7":8,"8":8,"9":8,"10":8,"11":6,"12":1,"13":7,"14":50,"15":35,"16":8,"17":50,"18":15,"19":15,"20":50,"21":6,"22":0,"23":6,"24":6,"25":6,"26":6,"27":6,"28":10,"29":10,"30":15,"31":6,"32":20,"33":6,"34":1,"35":5,"36":15,"37":6,"38":6,"39":6,"40":50,"41":1,"42":1,"43":1,"44":1,"45":0,"46":0,"47":0,"48":0,"49":0,"50":0,"51":0,"52":0,"53":1,"54":1,"55":0,"56":0,"57":0,"58":50,"59":28,"60":22},"f":{"0":50,"1":8,"2":35,"3":15,"4":6,"5":10,"6":15,"7":20,"8":15,"9":1,"10":0},"b":{"0":[1,0],"1":[8,27],"2":[0,6],"3":[10,0],"4":[1,5],"5":[1,0],"6":[1,1],"7":[28,22],"8":[22,8],"9":[22,1],"10":[22,14,13,5],"11":[1,4],"12":[1,4]},"_coverageSchema":"1a1c01bbd47fc00a2c39e90264f33305004495a9","hash":"2a0d7f83aa5c0ed13470fd6a7b759027dcafdb0b"}
,"/Users/sjafferali/github/personal/meditrack/frontend/src/components/DoseHistoryModal.tsx": {"path":"/Users/sjafferali/github/personal/meditrack/frontend/src/components/DoseHistoryModal.tsx","statementMap":{"0":{"start":{"line":19,"column":58},"end":{"line":138,"column":1}},"1":{"start":{"line":20,"column":28},"end":{"line":20,"column":48}},"2":{"start":{"line":21,"column":32},"end":{"line":21,"column":47}},"3":{"start":{"line":22,"column":28},"end":{"line":22,"column":57}},"4":{"start":{"line":24,"column":26},"end":{"line":35,"column":21}},"5":{"start":{"line":25,"column":4},"end":{"line":34,"column":5}},"6":{"start":{"line":26,"column":6},"end":{"line":26,"column":23}},"7":{"start":{"line":27,"column":6},"end":{"line":27,"column":21}},"8":{"start":{"line":28,"column":19},"end":{"line":28,"column":56}},"9":{"start":{"line":29,"column":6},"end":{"line":29,"column":21}},"10":{"start":{"line":31,"column":6},"end":{"line":31,"column":83}},"11":{"start":{"line":33,"column":6},"end":{"line":33,"column":24}},"12":{"start":{"line":37,"column":2},"end":{"line":41,"column":44}},"13":{"start":{"line":38,"column":4},"end":{"line":40,"column":5}},"14":{"start":{"line":39,"column":6},"end":{"line":39,"column":24}},"15":{"start":{"line":43,"column":25},"end":{"line":49,"column":3}},"16":{"start":{"line":44,"column":17},"end":{"line":44,"column":37}},"17":{"start":{"line":45,"column":4},"end":{"line":48,"column":6}},"18":{"start":{"line":51,"column":27},"end":{"line":61,"column":3}},"19":{"start":{"line":52,"column":47},"end":{"line":52,"column":49}},"20":{"start":{"line":53,"column":4},"end":{"line":59,"column":7}},"21":{"start":{"line":54,"column":23},"end":{"line":54,"column":52}},"22":{"start":{"line":55,"column":6},"end":{"line":57,"column":7}},"23":{"start":{"line":56,"column":8},"end":{"line":56,"column":27}},"24":{"start":{"line":58,"column":6},"end":{"line":58,"column":31}},"25":{"start":{"line":60,"column":4},"end":{"line":60,"column":19}},"26":{"start":{"line":63,"column":2},"end":{"line":63,"column":27}},"27":{"start":{"line":63,"column":15},"end":{"line":63,"column":27}},"28":{"start":{"line":65,"column":23},"end":{"line":65,"column":46}},"29":{"start":{"line":67,"column":2},"end":{"line":137,"column":4}},"30":{"start":{"line":107,"column":18},"end":{"line":120,"column":24}},"31":{"start":{"line":111,"column":41},"end":{"line":111,"column":70}},"32":{"start":{"line":112,"column":24},"end":{"line":117,"column":26}}},"fnMap":{"0":{"name":"(anonymous_0)","decl":{"start":{"line":19,"column":58},"end":{"line":19,"column":59}},"loc":{"start":{"line":19,"column":95},"end":{"line":138,"column":1}},"line":19},"1":{"name":"(anonymous_1)","decl":{"start":{"line":24,"column":38},"end":{"line":24,"column":39}},"loc":{"start":{"line":24,"column":50},"end":{"line":35,"column":3}},"line":24},"2":{"name":"(anonymous_2)","decl":{"start":{"line":37,"column":12},"end":{"line":37,"column":13}},"loc":{"start":{"line":37,"column":18},"end":{"line":41,"column":3}},"line":37},"3":{"name":"(anonymous_3)","decl":{"start":{"line":43,"column":25},"end":{"line":43,"column":26}},"loc":{"start":{"line":43,"column":49},"end":{"line":49,"column":3}},"line":43},"4":{"name":"(anonymous_4)","decl":{"start":{"line":51,"column":27},"end":{"line":51,"column":28}},"loc":{"start":{"line":51,"column":46},"end":{"line":61,"column":3}},"line":51},"5":{"name":"(anonymous_5)","decl":{"start":{"line":53,"column":18},"end":{"line":53,"column":19}},"loc":{"start":{"line":53,"column":26},"end":{"line":59,"column":5}},"line":53},"6":{"name":"(anonymous_6)","decl":{"start":{"line":106,"column":50},"end":{"line":106,"column":51}},"loc":{"start":{"line":107,"column":18},"end":{"line":120,"column":24}},"line":107},"7":{"name":"(anonymous_7)","decl":{"start":{"line":110,"column":36},"end":{"line":110,"column":37}},"loc":{"start":{"line":110,"column":53},"end":{"line":118,"column":23}},"line":110}},"branchMap":{"0":{"loc":{"start":{"line":31,"column":15},"end":{"line":31,"column":81}},"type":"cond-expr","locations":[{"start":{"line":31,"column":38},"end":{"line":31,"column":49}},{"start":{"line":31,"column":52},"end":{"line":31,"column":81}}],"line":31},"1":{"loc":{"start":{"line":38,"column":4},"end":{"line":40,"column":5}},"type":"if","locations":[{"start":{"line":38,"column":4},"end":{"line":40,"column":5}},{"start":{},"end":{}}],"line":38},"2":{"loc":{"start":{"line":38,"column":8},"end":{"line":38,"column":28}},"type":"binary-expr","locations":[{"start":{"line":38,"column":8},"end":{"line":38,"column":14}},{"start":{"line":38,"column":18},"end":{"line":38,"column":28}}],"line":38},"3":{"loc":{"start":{"line":55,"column":6},"end":{"line":57,"column":7}},"type":"if","locations":[{"start":{"line":55,"column":6},"end":{"line":57,"column":7}},{"start":{},"end":{}}],"line":55},"4":{"loc":{"start":{"line":63,"column":2},"end":{"line":63,"column":27}},"type":"if","locations":[{"start":{"line":63,"column":2},"end":{"line":63,"column":27}},{"start":{},"end":{}}],"line":63},"5":{"loc":{"start":{"line":88,"column":9},"end":{"line":92,"column":9}},"type":"binary-expr","locations":[{"start":{"line":88,"column":9},"end":{"line":88,"column":16}},{"start":{"line":89,"column":10},"end":{"line":91,"column":16}}],"line":88},"6":{"loc":{"start":{"line":94,"column":9},"end":{"line":98,"column":9}},"type":"binary-expr","locations":[{"start":{"line":94,"column":9},"end":{"line":94,"column":14}},{"start":{"line":95,"column":10},"end":{"line":97,"column":16}}],"line":94},"7":{"loc":{"start":{"line":100,"column":9},"end":{"line":125,"column":9}},"type":"binary-expr","locations":[{"start":{"line":100,"column":9},"end":{"line":100,"column":17}},{"start":{"line":100,"column":21},"end":{"line":100,"column":27}},{"start":{"line":101,"column":10},"end":{"line":124,"column":16}}],"line":100},"8":{"loc":{"start":{"line":102,"column":13},"end":{"line":123,"column":13}},"type":"cond-expr","locations":[{"start":{"line":103,"column":14},"end":{"line":103,"column":85}},{"start":{"line":105,"column":14},"end":{"line":122,"column":20}}],"line":102}},"s":{"0":1,"1":21,"2":21,"3":21,"4":21,"5":8,"6":8,"7":8,"8":8,"9":6,"10":1,"11":7,"12":21,"13":9,"14":8,"15":21,"16":8,"17":8,"18":21,"19":20,"20":20,"21":4,"22":4,"23":3,"24":4,"25":20,"26":21,"27":1,"28":20,"29":20,"30":3,"31":4,"32":4},"f":{"0":21,"1":8,"2":9,"3":8,"4":20,"5":4,"6":3,"7":4},"b":{"0":[1,0],"1":[8,1],"2":[9,8],"3":[3,1],"4":[1,20],"5":[20,8],"6":[20,1],"7":[20,12,11],"8":[9,2]},"_coverageSchema":"1a1c01bbd47fc00a2c39e90264f33305004495a9","hash":"6a069b2e2e6818fef6b197dc7d82646a7eeea0aa"}
,"/Users/sjafferali/github/personal/meditrack/frontend/src/components/MedicationTracker.tsx": {"path":"/Users/sjafferali/github/personal/meditrack/frontend/src/components/MedicationTracker.tsx","statementMap":{"0":{"start":{"line":5,"column":26},"end":{"line":524,"column":1}},"1":{"start":{"line":6,"column":40},"end":{"line":6,"column":59}},"2":{"start":{"line":7,"column":32},"end":{"line":7,"column":46}},"3":{"start":{"line":8,"column":28},"end":{"line":8,"column":57}},"4":{"start":{"line":9,"column":54},"end":{"line":9,"column":69}},"5":{"start":{"line":10,"column":52},"end":{"line":10,"column":71}},"6":{"start":{"line":11,"column":48},"end":{"line":11,"column":77}},"7":{"start":{"line":12,"column":52},"end":{"line":12,"column":81}},"8":{"start":{"line":13,"column":44},"end":{"line":13,"column":82}},"9":{"start":{"line":14,"column":46},"end":{"line":14,"column":86}},"10":{"start":{"line":15,"column":42},"end":{"line":15,"column":68}},"11":{"start":{"line":16,"column":42},"end":{"line":16,"column":57}},"12":{"start":{"line":19,"column":34},"end":{"line":25,"column":4}},"13":{"start":{"line":27,"column":26},"end":{"line":39,"column":20}},"14":{"start":{"line":28,"column":4},"end":{"line":38,"column":5}},"15":{"start":{"line":29,"column":6},"end":{"line":29,"column":23}},"16":{"start":{"line":30,"column":6},"end":{"line":30,"column":21}},"17":{"start":{"line":31,"column":22},"end":{"line":31,"column":62}},"18":{"start":{"line":32,"column":19},"end":{"line":32,"column":64}},"19":{"start":{"line":33,"column":6},"end":{"line":33,"column":27}},"20":{"start":{"line":35,"column":6},"end":{"line":35,"column":73}},"21":{"start":{"line":37,"column":6},"end":{"line":37,"column":24}},"22":{"start":{"line":42,"column":2},"end":{"line":44,"column":24}},"23":{"start":{"line":43,"column":4},"end":{"line":43,"column":22}},"24":{"start":{"line":46,"column":26},"end":{"line":56,"column":3}},"25":{"start":{"line":47,"column":4},"end":{"line":55,"column":5}},"26":{"start":{"line":48,"column":6},"end":{"line":48,"column":69}},"27":{"start":{"line":49,"column":19},"end":{"line":49,"column":55}},"28":{"start":{"line":50,"column":6},"end":{"line":50,"column":67}},"29":{"start":{"line":52,"column":6},"end":{"line":52,"column":83}},"30":{"start":{"line":54,"column":6},"end":{"line":54,"column":70}},"31":{"start":{"line":58,"column":24},"end":{"line":67,"column":3}},"32":{"start":{"line":59,"column":4},"end":{"line":66,"column":5}},"33":{"start":{"line":60,"column":6},"end":{"line":60,"column":33}},"34":{"start":{"line":62,"column":6},"end":{"line":62,"column":41}},"35":{"start":{"line":63,"column":6},"end":{"line":65,"column":7}},"36":{"start":{"line":64,"column":8},"end":{"line":64,"column":44}},"37":{"start":{"line":69,"column":31},"end":{"line":92,"column":3}},"38":{"start":{"line":70,"column":4},"end":{"line":91,"column":5}},"39":{"start":{"line":71,"column":6},"end":{"line":71,"column":21}},"40":{"start":{"line":73,"column":6},"end":{"line":82,"column":7}},"41":{"start":{"line":75,"column":28},"end":{"line":75,"column":38}},"42":{"start":{"line":76,"column":21},"end":{"line":76,"column":59}},"43":{"start":{"line":77,"column":24},"end":{"line":77,"column":64}},"44":{"start":{"line":78,"column":8},"end":{"line":78,"column":69}},"45":{"start":{"line":81,"column":8},"end":{"line":81,"column":47}},"46":{"start":{"line":84,"column":6},"end":{"line":84,"column":30}},"47":{"start":{"line":86,"column":6},"end":{"line":88,"column":7}},"48":{"start":{"line":87,"column":8},"end":{"line":87,"column":44}},"49":{"start":{"line":90,"column":6},"end":{"line":90,"column":77}},"50":{"start":{"line":94,"column":30},"end":{"line":105,"column":3}},"51":{"start":{"line":95,"column":4},"end":{"line":95,"column":23}},"52":{"start":{"line":96,"column":4},"end":{"line":104,"column":5}},"53":{"start":{"line":97,"column":6},"end":{"line":97,"column":21}},"54":{"start":{"line":98,"column":6},"end":{"line":98,"column":43}},"55":{"start":{"line":99,"column":6},"end":{"line":99,"column":35}},"56":{"start":{"line":100,"column":6},"end":{"line":100,"column":18}},"57":{"start":{"line":101,"column":6},"end":{"line":101,"column":30}},"58":{"start":{"line":103,"column":6},"end":{"line":103,"column":80}},"59":{"start":{"line":107,"column":33},"end":{"line":120,"column":3}},"60":{"start":{"line":108,"column":4},"end":{"line":108,"column":23}},"61":{"start":{"line":109,"column":4},"end":{"line":109,"column":35}},"62":{"start":{"line":109,"column":28},"end":{"line":109,"column":35}},"63":{"start":{"line":111,"column":4},"end":{"line":119,"column":5}},"64":{"start":{"line":112,"column":6},"end":{"line":112,"column":21}},"65":{"start":{"line":113,"column":6},"end":{"line":113,"column":65}},"66":{"start":{"line":114,"column":6},"end":{"line":114,"column":33}},"67":{"start":{"line":115,"column":6},"end":{"line":115,"column":18}},"68":{"start":{"line":116,"column":6},"end":{"line":116,"column":30}},"69":{"start":{"line":118,"column":6},"end":{"line":118,"column":83}},"70":{"start":{"line":122,"column":33},"end":{"line":131,"column":3}},"71":{"start":{"line":123,"column":4},"end":{"line":130,"column":5}},"72":{"start":{"line":124,"column":6},"end":{"line":124,"column":21}},"73":{"start":{"line":125,"column":6},"end":{"line":125,"column":37}},"74":{"start":{"line":126,"column":6},"end":{"line":126,"column":31}},"75":{"start":{"line":127,"column":6},"end":{"line":127,"column":30}},"76":{"start":{"line":129,"column":6},"end":{"line":129,"column":83}},"77":{"start":{"line":133,"column":20},"end":{"line":142,"column":3}},"78":{"start":{"line":134,"column":4},"end":{"line":134,"column":37}},"79":{"start":{"line":135,"column":4},"end":{"line":141,"column":7}},"80":{"start":{"line":144,"column":20},"end":{"line":152,"column":3}},"81":{"start":{"line":145,"column":4},"end":{"line":151,"column":7}},"82":{"start":{"line":154,"column":27},"end":{"line":156,"column":3}},"83":{"start":{"line":155,"column":4},"end":{"line":155,"column":60}},"84":{"start":{"line":158,"column":23},"end":{"line":162,"column":3}},"85":{"start":{"line":159,"column":20},"end":{"line":159,"column":42}},"86":{"start":{"line":160,"column":4},"end":{"line":160,"column":73}},"87":{"start":{"line":161,"column":4},"end":{"line":161,"column":29}},"88":{"start":{"line":164,"column":18},"end":{"line":167,"column":3}},"89":{"start":{"line":165,"column":18},"end":{"line":165,"column":28}},"90":{"start":{"line":166,"column":4},"end":{"line":166,"column":56}},"91":{"start":{"line":169,"column":21},"end":{"line":175,"column":3}},"92":{"start":{"line":170,"column":18},"end":{"line":170,"column":28}},"93":{"start":{"line":171,"column":4},"end":{"line":171,"column":31}},"94":{"start":{"line":172,"column":24},"end":{"line":172,"column":38}},"95":{"start":{"line":173,"column":4},"end":{"line":173,"column":37}},"96":{"start":{"line":174,"column":4},"end":{"line":174,"column":31}},"97":{"start":{"line":177,"column":23},"end":{"line":183,"column":3}},"98":{"start":{"line":178,"column":18},"end":{"line":178,"column":28}},"99":{"start":{"line":179,"column":4},"end":{"line":179,"column":31}},"100":{"start":{"line":180,"column":24},"end":{"line":180,"column":38}},"101":{"start":{"line":181,"column":4},"end":{"line":181,"column":37}},"102":{"start":{"line":182,"column":4},"end":{"line":182,"column":31}},"103":{"start":{"line":185,"column":25},"end":{"line":191,"column":3}},"104":{"start":{"line":186,"column":17},"end":{"line":186,"column":37}},"105":{"start":{"line":187,"column":4},"end":{"line":190,"column":6}},"106":{"start":{"line":193,"column":27},"end":{"line":203,"column":3}},"107":{"start":{"line":194,"column":46},"end":{"line":194,"column":48}},"108":{"start":{"line":195,"column":4},"end":{"line":201,"column":7}},"109":{"start":{"line":196,"column":23},"end":{"line":196,"column":52}},"110":{"start":{"line":197,"column":6},"end":{"line":199,"column":7}},"111":{"start":{"line":198,"column":8},"end":{"line":198,"column":27}},"112":{"start":{"line":200,"column":6},"end":{"line":200,"column":31}},"113":{"start":{"line":202,"column":4},"end":{"line":202,"column":19}},"114":{"start":{"line":216,"column":2},"end":{"line":218,"column":3}},"115":{"start":{"line":217,"column":4},"end":{"line":217,"column":73}},"116":{"start":{"line":220,"column":2},"end":{"line":523,"column":4}},"117":{"start":{"line":228,"column":27},"end":{"line":228,"column":47}},"118":{"start":{"line":257,"column":27},"end":{"line":257,"column":47}},"119":{"start":{"line":277,"column":27},"end":{"line":277,"column":41}},"120":{"start":{"line":298,"column":35},"end":{"line":298,"column":85}},"121":{"start":{"line":308,"column":35},"end":{"line":308,"column":87}},"122":{"start":{"line":318,"column":35},"end":{"line":318,"column":90}},"123":{"start":{"line":328,"column":35},"end":{"line":328,"column":108}},"124":{"start":{"line":339,"column":33},"end":{"line":339,"column":91}},"125":{"start":{"line":354,"column":18},"end":{"line":354,"column":47}},"126":{"start":{"line":355,"column":18},"end":{"line":355,"column":45}},"127":{"start":{"line":356,"column":18},"end":{"line":356,"column":30}},"128":{"start":{"line":370,"column":10},"end":{"line":495,"column":16}},"129":{"start":{"line":394,"column":31},"end":{"line":394,"column":66}},"130":{"start":{"line":414,"column":31},"end":{"line":414,"column":59}},"131":{"start":{"line":424,"column":31},"end":{"line":424,"column":52}},"132":{"start":{"line":432,"column":35},"end":{"line":432,"column":72}},"133":{"start":{"line":438,"column":35},"end":{"line":438,"column":59}},"134":{"start":{"line":446,"column":33},"end":{"line":446,"column":66}},"135":{"start":{"line":474,"column":22},"end":{"line":487,"column":28}},"136":{"start":{"line":478,"column":45},"end":{"line":478,"column":74}},"137":{"start":{"line":479,"column":28},"end":{"line":484,"column":30}},"138":{"start":{"line":502,"column":25},"end":{"line":502,"column":52}},"139":{"start":{"line":508,"column":25},"end":{"line":508,"column":46}},"140":{"start":{"line":520,"column":23},"end":{"line":520,"column":45}}},"fnMap":{"0":{"name":"(anonymous_0)","decl":{"start":{"line":5,"column":26},"end":{"line":5,"column":27}},"loc":{"start":{"line":5,"column":32},"end":{"line":524,"column":1}},"line":5},"1":{"name":"(anonymous_1)","decl":{"start":{"line":27,"column":38},"end":{"line":27,"column":39}},"loc":{"start":{"line":27,"column":50},"end":{"line":39,"column":3}},"line":27},"2":{"name":"(anonymous_2)","decl":{"start":{"line":42,"column":12},"end":{"line":42,"column":13}},"loc":{"start":{"line":42,"column":18},"end":{"line":44,"column":3}},"line":42},"3":{"name":"(anonymous_3)","decl":{"start":{"line":46,"column":26},"end":{"line":46,"column":27}},"loc":{"start":{"line":46,"column":58},"end":{"line":56,"column":3}},"line":46},"4":{"name":"(anonymous_4)","decl":{"start":{"line":58,"column":24},"end":{"line":58,"column":25}},"loc":{"start":{"line":58,"column":56},"end":{"line":67,"column":3}},"line":58},"5":{"name":"(anonymous_5)","decl":{"start":{"line":69,"column":31},"end":{"line":69,"column":32}},"loc":{"start":{"line":69,"column":63},"end":{"line":92,"column":3}},"line":69},"6":{"name":"(anonymous_6)","decl":{"start":{"line":94,"column":30},"end":{"line":94,"column":31}},"loc":{"start":{"line":94,"column":60},"end":{"line":105,"column":3}},"line":94},"7":{"name":"(anonymous_7)","decl":{"start":{"line":107,"column":33},"end":{"line":107,"column":34}},"loc":{"start":{"line":107,"column":63},"end":{"line":120,"column":3}},"line":107},"8":{"name":"(anonymous_8)","decl":{"start":{"line":122,"column":33},"end":{"line":122,"column":34}},"loc":{"start":{"line":122,"column":55},"end":{"line":131,"column":3}},"line":122},"9":{"name":"(anonymous_9)","decl":{"start":{"line":133,"column":20},"end":{"line":133,"column":21}},"loc":{"start":{"line":133,"column":41},"end":{"line":142,"column":3}},"line":133},"10":{"name":"(anonymous_10)","decl":{"start":{"line":144,"column":20},"end":{"line":144,"column":21}},"loc":{"start":{"line":144,"column":26},"end":{"line":152,"column":3}},"line":144},"11":{"name":"(anonymous_11)","decl":{"start":{"line":154,"column":27},"end":{"line":154,"column":28}},"loc":{"start":{"line":154,"column":71},"end":{"line":156,"column":3}},"line":154},"12":{"name":"(anonymous_12)","decl":{"start":{"line":158,"column":23},"end":{"line":158,"column":24}},"loc":{"start":{"line":158,"column":55},"end":{"line":162,"column":3}},"line":158},"13":{"name":"(anonymous_13)","decl":{"start":{"line":164,"column":18},"end":{"line":164,"column":19}},"loc":{"start":{"line":164,"column":34},"end":{"line":167,"column":3}},"line":164},"14":{"name":"(anonymous_14)","decl":{"start":{"line":169,"column":21},"end":{"line":169,"column":22}},"loc":{"start":{"line":169,"column":37},"end":{"line":175,"column":3}},"line":169},"15":{"name":"(anonymous_15)","decl":{"start":{"line":177,"column":23},"end":{"line":177,"column":24}},"loc":{"start":{"line":177,"column":39},"end":{"line":183,"column":3}},"line":177},"16":{"name":"(anonymous_16)","decl":{"start":{"line":185,"column":25},"end":{"line":185,"column":26}},"loc":{"start":{"line":185,"column":49},"end":{"line":191,"column":3}},"line":185},"17":{"name":"(anonymous_17)","decl":{"start":{"line":193,"column":27},"end":{"line":193,"column":28}},"loc":{"start":{"line":193,"column":45},"end":{"line":203,"column":3}},"line":193},"18":{"name":"(anonymous_18)","decl":{"start":{"line":195,"column":18},"end":{"line":195,"column":19}},"loc":{"start":{"line":195,"column":26},"end":{"line":201,"column":5}},"line":195},"19":{"name":"(anonymous_19)","decl":{"start":{"line":228,"column":21},"end":{"line":228,"column":22}},"loc":{"start":{"line":228,"column":27},"end":{"line":228,"column":47}},"line":228},"20":{"name":"(anonymous_20)","decl":{"start":{"line":257,"column":21},"end":{"line":257,"column":22}},"loc":{"start":{"line":257,"column":27},"end":{"line":257,"column":47}},"line":257},"21":{"name":"(anonymous_21)","decl":{"start":{"line":277,"column":21},"end":{"line":277,"column":22}},"loc":{"start":{"line":277,"column":27},"end":{"line":277,"column":41}},"line":277},"22":{"name":"(anonymous_22)","decl":{"start":{"line":298,"column":28},"end":{"line":298,"column":29}},"loc":{"start":{"line":298,"column":35},"end":{"line":298,"column":85}},"line":298},"23":{"name":"(anonymous_23)","decl":{"start":{"line":308,"column":28},"end":{"line":308,"column":29}},"loc":{"start":{"line":308,"column":35},"end":{"line":308,"column":87}},"line":308},"24":{"name":"(anonymous_24)","decl":{"start":{"line":318,"column":28},"end":{"line":318,"column":29}},"loc":{"start":{"line":318,"column":35},"end":{"line":318,"column":90}},"line":318},"25":{"name":"(anonymous_25)","decl":{"start":{"line":328,"column":28},"end":{"line":328,"column":29}},"loc":{"start":{"line":328,"column":35},"end":{"line":328,"column":108}},"line":328},"26":{"name":"(anonymous_26)","decl":{"start":{"line":339,"column":26},"end":{"line":339,"column":27}},"loc":{"start":{"line":339,"column":33},"end":{"line":339,"column":91}},"line":339},"27":{"name":"(anonymous_27)","decl":{"start":{"line":353,"column":25},"end":{"line":353,"column":26}},"loc":{"start":{"line":353,"column":31},"end":{"line":357,"column":17}},"line":353},"28":{"name":"(anonymous_28)","decl":{"start":{"line":369,"column":25},"end":{"line":369,"column":26}},"loc":{"start":{"line":370,"column":10},"end":{"line":495,"column":16}},"line":370},"29":{"name":"(anonymous_29)","decl":{"start":{"line":394,"column":25},"end":{"line":394,"column":26}},"loc":{"start":{"line":394,"column":31},"end":{"line":394,"column":66}},"line":394},"30":{"name":"(anonymous_30)","decl":{"start":{"line":414,"column":25},"end":{"line":414,"column":26}},"loc":{"start":{"line":414,"column":31},"end":{"line":414,"column":59}},"line":414},"31":{"name":"(anonymous_31)","decl":{"start":{"line":424,"column":25},"end":{"line":424,"column":26}},"loc":{"start":{"line":424,"column":31},"end":{"line":424,"column":52}},"line":424},"32":{"name":"(anonymous_32)","decl":{"start":{"line":432,"column":29},"end":{"line":432,"column":30}},"loc":{"start":{"line":432,"column":35},"end":{"line":432,"column":72}},"line":432},"33":{"name":"(anonymous_33)","decl":{"start":{"line":438,"column":29},"end":{"line":438,"column":30}},"loc":{"start":{"line":438,"column":35},"end":{"line":438,"column":59}},"line":438},"34":{"name":"(anonymous_34)","decl":{"start":{"line":446,"column":27},"end":{"line":446,"column":28}},"loc":{"start":{"line":446,"column":33},"end":{"line":446,"column":66}},"line":446},"35":{"name":"(anonymous_35)","decl":{"start":{"line":473,"column":88},"end":{"line":473,"column":89}},"loc":{"start":{"line":474,"column":22},"end":{"line":487,"column":28}},"line":474},"36":{"name":"(anonymous_36)","decl":{"start":{"line":477,"column":51},"end":{"line":477,"column":52}},"loc":{"start":{"line":477,"column":68},"end":{"line":485,"column":27}},"line":477},"37":{"name":"(anonymous_37)","decl":{"start":{"line":502,"column":19},"end":{"line":502,"column":20}},"loc":{"start":{"line":502,"column":25},"end":{"line":502,"column":52}},"line":502},"38":{"name":"(anonymous_38)","decl":{"start":{"line":508,"column":19},"end":{"line":508,"column":20}},"loc":{"start":{"line":508,"column":25},"end":{"line":508,"column":46}},"line":508},"39":{"name":"(anonymous_39)","decl":{"start":{"line":520,"column":17},"end":{"line":520,"column":18}},"loc":{"start":{"line":520,"column":23},"end":{"line":520,"column":45}},"line":520}},"branchMap":{"0":{"loc":{"start":{"line":35,"column":15},"end":{"line":35,"column":71}},"type":"cond-expr","locations":[{"start":{"line":35,"column":38},"end":{"line":35,"column":49}},{"start":{"line":35,"column":52},"end":{"line":35,"column":71}}],"line":35},"1":{"loc":{"start":{"line":52,"column":15},"end":{"line":52,"column":81}},"type":"cond-expr","locations":[{"start":{"line":52,"column":38},"end":{"line":52,"column":49}},{"start":{"line":52,"column":52},"end":{"line":52,"column":81}}],"line":52},"2":{"loc":{"start":{"line":59,"column":4},"end":{"line":66,"column":5}},"type":"if","locations":[{"start":{"line":59,"column":4},"end":{"line":66,"column":5}},{"start":{"line":61,"column":11},"end":{"line":66,"column":5}}],"line":59},"3":{"loc":{"start":{"line":63,"column":6},"end":{"line":65,"column":7}},"type":"if","locations":[{"start":{"line":63,"column":6},"end":{"line":65,"column":7}},{"start":{},"end":{}}],"line":63},"4":{"loc":{"start":{"line":73,"column":6},"end":{"line":82,"column":7}},"type":"if","locations":[{"start":{"line":73,"column":6},"end":{"line":82,"column":7}},{"start":{"line":79,"column":13},"end":{"line":82,"column":7}}],"line":73},"5":{"loc":{"start":{"line":86,"column":6},"end":{"line":88,"column":7}},"type":"if","locations":[{"start":{"line":86,"column":6},"end":{"line":88,"column":7}},{"start":{},"end":{}}],"line":86},"6":{"loc":{"start":{"line":90,"column":15},"end":{"line":90,"column":75}},"type":"cond-expr","locations":[{"start":{"line":90,"column":38},"end":{"line":90,"column":49}},{"start":{"line":90,"column":52},"end":{"line":90,"column":75}}],"line":90},"7":{"loc":{"start":{"line":103,"column":15},"end":{"line":103,"column":78}},"type":"cond-expr","locations":[{"start":{"line":103,"column":38},"end":{"line":103,"column":49}},{"start":{"line":103,"column":52},"end":{"line":103,"column":78}}],"line":103},"8":{"loc":{"start":{"line":109,"column":4},"end":{"line":109,"column":35}},"type":"if","locations":[{"start":{"line":109,"column":4},"end":{"line":109,"column":35}},{"start":{},"end":{}}],"line":109},"9":{"loc":{"start":{"line":118,"column":15},"end":{"line":118,"column":81}},"type":"cond-expr","locations":[{"start":{"line":118,"column":38},"end":{"line":118,"column":49}},{"start":{"line":118,"column":52},"end":{"line":118,"column":81}}],"line":118},"10":{"loc":{"start":{"line":129,"column":15},"end":{"line":129,"column":81}},"type":"cond-expr","locations":[{"start":{"line":129,"column":38},"end":{"line":129,"column":49}},{"start":{"line":129,"column":52},"end":{"line":129,"column":81}}],"line":129},"11":{"loc":{"start":{"line":140,"column":20},"end":{"line":140,"column":49}},"type":"binary-expr","locations":[{"start":{"line":140,"column":20},"end":{"line":140,"column":43}},{"start":{"line":140,"column":47},"end":{"line":140,"column":49}}],"line":140},"12":{"loc":{"start":{"line":160,"column":41},"end":{"line":160,"column":70}},"type":"cond-expr","locations":[{"start":{"line":160,"column":64},"end":{"line":160,"column":65}},{"start":{"line":160,"column":68},"end":{"line":160,"column":70}}],"line":160},"13":{"loc":{"start":{"line":197,"column":6},"end":{"line":199,"column":7}},"type":"if","locations":[{"start":{"line":197,"column":6},"end":{"line":199,"column":7}},{"start":{},"end":{}}],"line":197},"14":{"loc":{"start":{"line":216,"column":2},"end":{"line":218,"column":3}},"type":"if","locations":[{"start":{"line":216,"column":2},"end":{"line":218,"column":3}},{"start":{},"end":{}}],"line":216},"15":{"loc":{"start":{"line":245,"column":13},"end":{"line":247,"column":13}},"type":"binary-expr","locations":[{"start":{"line":245,"column":13},"end":{"line":245,"column":34}},{"start":{"line":246,"column":14},"end":{"line":246,"column":103}}],"line":245},"16":{"loc":{"start":{"line":248,"column":13},"end":{"line":250,"column":13}},"type":"binary-expr","locations":[{"start":{"line":248,"column":13},"end":{"line":248,"column":37}},{"start":{"line":248,"column":41},"end":{"line":248,"column":63}},{"start":{"line":249,"column":14},"end":{"line":249,"column":100}}],"line":248},"17":{"loc":{"start":{"line":251,"column":13},"end":{"line":253,"column":13}},"type":"binary-expr","locations":[{"start":{"line":251,"column":13},"end":{"line":251,"column":39}},{"start":{"line":252,"column":14},"end":{"line":252,"column":106}}],"line":251},"18":{"loc":{"start":{"line":273,"column":7},"end":{"line":283,"column":7}},"type":"binary-expr","locations":[{"start":{"line":273,"column":7},"end":{"line":273,"column":12}},{"start":{"line":274,"column":8},"end":{"line":282,"column":14}}],"line":273},"19":{"loc":{"start":{"line":286,"column":7},"end":{"line":365,"column":7}},"type":"binary-expr","locations":[{"start":{"line":286,"column":8},"end":{"line":286,"column":26}},{"start":{"line":286,"column":30},"end":{"line":286,"column":47}},{"start":{"line":287,"column":8},"end":{"line":364,"column":14}}],"line":286},"20":{"loc":{"start":{"line":289,"column":13},"end":{"line":289,"column":73}},"type":"cond-expr","locations":[{"start":{"line":289,"column":33},"end":{"line":289,"column":50}},{"start":{"line":289,"column":53},"end":{"line":289,"column":73}}],"line":289},"21":{"loc":{"start":{"line":291,"column":26},"end":{"line":291,"column":90}},"type":"cond-expr","locations":[{"start":{"line":291,"column":46},"end":{"line":291,"column":68}},{"start":{"line":291,"column":71},"end":{"line":291,"column":90}}],"line":291},"22":{"loc":{"start":{"line":349,"column":17},"end":{"line":349,"column":53}},"type":"cond-expr","locations":[{"start":{"line":349,"column":37},"end":{"line":349,"column":45}},{"start":{"line":349,"column":48},"end":{"line":349,"column":53}}],"line":349},"23":{"loc":{"start":{"line":375,"column":15},"end":{"line":377,"column":15}},"type":"binary-expr","locations":[{"start":{"line":375,"column":15},"end":{"line":375,"column":38}},{"start":{"line":376,"column":16},"end":{"line":376,"column":87}}],"line":375},"24":{"loc":{"start":{"line":385,"column":15},"end":{"line":389,"column":15}},"type":"binary-expr","locations":[{"start":{"line":385,"column":15},"end":{"line":385,"column":39}},{"start":{"line":386,"column":16},"end":{"line":388,"column":20}}],"line":385},"25":{"loc":{"start":{"line":396,"column":18},"end":{"line":397,"column":44}},"type":"binary-expr","locations":[{"start":{"line":396,"column":18},"end":{"line":396,"column":78}},{"start":{"line":397,"column":18},"end":{"line":397,"column":44}}],"line":396},"26":{"loc":{"start":{"line":400,"column":18},"end":{"line":402,"column":64}},"type":"cond-expr","locations":[{"start":{"line":401,"column":22},"end":{"line":401,"column":68}},{"start":{"line":402,"column":22},"end":{"line":402,"column":64}}],"line":400},"27":{"loc":{"start":{"line":400,"column":18},"end":{"line":400,"column":108}},"type":"binary-expr","locations":[{"start":{"line":400,"column":18},"end":{"line":400,"column":78}},{"start":{"line":400,"column":82},"end":{"line":400,"column":108}}],"line":400},"28":{"loc":{"start":{"line":405,"column":17},"end":{"line":411,"column":30}},"type":"cond-expr","locations":[{"start":{"line":406,"column":20},"end":{"line":406,"column":31}},{"start":{"line":407,"column":20},"end":{"line":411,"column":30}}],"line":405},"29":{"loc":{"start":{"line":407,"column":20},"end":{"line":411,"column":30}},"type":"cond-expr","locations":[{"start":{"line":408,"column":20},"end":{"line":408,"column":33}},{"start":{"line":409,"column":20},"end":{"line":411,"column":30}}],"line":407},"30":{"loc":{"start":{"line":409,"column":20},"end":{"line":411,"column":30}},"type":"cond-expr","locations":[{"start":{"line":410,"column":20},"end":{"line":410,"column":33}},{"start":{"line":411,"column":20},"end":{"line":411,"column":30}}],"line":409},"31":{"loc":{"start":{"line":409,"column":20},"end":{"line":409,"column":70}},"type":"binary-expr","locations":[{"start":{"line":409,"column":20},"end":{"line":409,"column":44}},{"start":{"line":409,"column":48},"end":{"line":409,"column":70}}],"line":409},"32":{"loc":{"start":{"line":416,"column":18},"end":{"line":418,"column":58}},"type":"cond-expr","locations":[{"start":{"line":417,"column":22},"end":{"line":417,"column":48}},{"start":{"line":418,"column":22},"end":{"line":418,"column":58}}],"line":416},"33":{"loc":{"start":{"line":421,"column":17},"end":{"line":421,"column":86}},"type":"cond-expr","locations":[{"start":{"line":421,"column":55},"end":{"line":421,"column":69}},{"start":{"line":421,"column":72},"end":{"line":421,"column":86}}],"line":421},"34":{"loc":{"start":{"line":429,"column":15},"end":{"line":451,"column":15}},"type":"cond-expr","locations":[{"start":{"line":430,"column":16},"end":{"line":443,"column":19}},{"start":{"line":445,"column":16},"end":{"line":450,"column":25}}],"line":429},"35":{"loc":{"start":{"line":463,"column":13},"end":{"line":494,"column":13}},"type":"binary-expr","locations":[{"start":{"line":463,"column":13},"end":{"line":463,"column":48}},{"start":{"line":464,"column":14},"end":{"line":493,"column":20}}],"line":463},"36":{"loc":{"start":{"line":467,"column":17},"end":{"line":492,"column":17}},"type":"cond-expr","locations":[{"start":{"line":468,"column":18},"end":{"line":470,"column":24}},{"start":{"line":471,"column":20},"end":{"line":492,"column":17}}],"line":467},"37":{"loc":{"start":{"line":471,"column":20},"end":{"line":492,"column":17}},"type":"cond-expr","locations":[{"start":{"line":472,"column":18},"end":{"line":489,"column":24}},{"start":{"line":491,"column":18},"end":{"line":491,"column":89}}],"line":471},"38":{"loc":{"start":{"line":471,"column":20},"end":{"line":471,"column":91}},"type":"binary-expr","locations":[{"start":{"line":471,"column":20},"end":{"line":471,"column":48}},{"start":{"line":471,"column":52},"end":{"line":471,"column":91}}],"line":471}},"s":{"0":1,"1":52,"2":51,"3":51,"4":51,"5":51,"6":51,"7":51,"8":51,"9":51,"10":51,"11":51,"12":51,"13":51,"14":24,"15":24,"16":24,"17":24,"18":24,"19":23,"20":1,"21":24,"22":51,"23":23,"24":51,"25":1,"26":1,"27":1,"28":1,"29":0,"30":1,"31":51,"32":1,"33":0,"34":1,"35":1,"36":1,"37":51,"38":1,"39":1,"40":1,"41":1,"42":1,"43":1,"44":1,"45":0,"46":1,"47":1,"48":0,"49":0,"50":51,"51":0,"52":0,"53":0,"54":0,"55":0,"56":0,"57":0,"58":0,"59":51,"60":0,"61":0,"62":0,"63":0,"64":0,"65":0,"66":0,"67":0,"68":0,"69":0,"70":51,"71":0,"72":0,"73":0,"74":0,"75":0,"76":0,"77":51,"78":0,"79":0,"80":51,"81":0,"82":51,"83":5,"84":51,"85":2,"86":2,"87":2,"88":51,"89":50,"90":50,"91":51,"92":55,"93":55,"94":55,"95":55,"96":55,"97":51,"98":109,"99":109,"100":109,"101":109,"102":109,"103":51,"104":0,"105":0,"106":51,"107":0,"108":0,"109":0,"110":0,"111":0,"112":0,"113":0,"114":51,"115":23,"116":28,"117":1,"118":1,"119":0,"120":0,"121":0,"122":0,"123":0,"124":0,"125":0,"126":0,"127":0,"128":27,"129":1,"130":1,"131":0,"132":0,"133":0,"134":0,"135":0,"136":0,"137":0,"138":0,"139":0,"140":0},"f":{"0":52,"1":24,"2":23,"3":1,"4":1,"5":1,"6":0,"7":0,"8":0,"9":0,"10":0,"11":5,"12":2,"13":50,"14":55,"15":109,"16":0,"17":0,"18":0,"19":1,"20":1,"21":0,"22":0,"23":0,"24":0,"25":0,"26":0,"27":0,"28":27,"29":1,"30":1,"31":0,"32":0,"33":0,"34":0,"35":0,"36":0,"37":0,"38":0,"39":0},"b":{"0":[1,0],"1":[0,0],"2":[0,1],"3":[1,0],"4":[1,0],"5":[0,1],"6":[0,0],"7":[0,0],"8":[0,0],"9":[0,0],"10":[0,0],"11":[0,0],"12":[1,1],"13":[0,0],"14":[23,28],"15":[28,16],"16":[28,11,11],"17":[28,1],"18":[28,1],"19":[28,28,0],"20":[0,0],"21":[0,0],"22":[0,0],"23":[27,27],"24":[27,0],"25":[27,27],"26":[1,26],"27":[27,27],"28":[0,27],"29":[1,26],"30":[11,15],"31":[26,11],"32":[1,26],"33":[1,26],"34":[0,27],"35":[27,1],"36":[1,0],"37":[0,0],"38":[0,0]},"_coverageSchema":"1a1c01bbd47fc00a2c39e90264f33305004495a9","hash":"044fea15f16f6a209dae52cb7ba0572ac42d1232"}
,"/Users/sjafferali/github/personal/meditrack/frontend/src/services/api.js": {"path":"/Users/sjafferali/github/personal/meditrack/frontend/src/services/api.js","statementMap":{"0":{"start":{"line":3,"column":21},"end":{"line":3,"column":30}},"1":{"start":{"line":5,"column":12},"end":{"line":10,"column":2}},"2":{"start":{"line":13,"column":0},"end":{"line":28,"column":2}},"3":{"start":{"line":14,"column":16},"end":{"line":14,"column":24}},"4":{"start":{"line":16,"column":4},"end":{"line":26,"column":5}},"5":{"start":{"line":18,"column":22},"end":{"line":18,"column":71}},"6":{"start":{"line":19,"column":6},"end":{"line":19,"column":31}},"7":{"start":{"line":20,"column":11},"end":{"line":26,"column":5}},"8":{"start":{"line":22,"column":6},"end":{"line":22,"column":70}},"9":{"start":{"line":25,"column":6},"end":{"line":25,"column":54}},"10":{"start":{"line":30,"column":22},"end":{"line":80,"column":1}},"11":{"start":{"line":33,"column":4},"end":{"line":38,"column":5}},"12":{"start":{"line":34,"column":23},"end":{"line":34,"column":65}},"13":{"start":{"line":35,"column":6},"end":{"line":35,"column":27}},"14":{"start":{"line":37,"column":6},"end":{"line":37,"column":18}},"15":{"start":{"line":43,"column":4},"end":{"line":48,"column":5}},"16":{"start":{"line":44,"column":23},"end":{"line":44,"column":58}},"17":{"start":{"line":45,"column":6},"end":{"line":45,"column":27}},"18":{"start":{"line":47,"column":6},"end":{"line":47,"column":18}},"19":{"start":{"line":53,"column":4},"end":{"line":58,"column":5}},"20":{"start":{"line":54,"column":23},"end":{"line":54,"column":66}},"21":{"start":{"line":55,"column":6},"end":{"line":55,"column":27}},"22":{"start":{"line":57,"column":6},"end":{"line":57,"column":18}},"23":{"start":{"line":63,"column":4},"end":{"line":68,"column":5}},"24":{"start":{"line":64,"column":23},"end":{"line":64,"column":67}},"25":{"start":{"line":65,"column":6},"end":{"line":65,"column":27}},"26":{"start":{"line":67,"column":6},"end":{"line":67,"column":18}},"27":{"start":{"line":73,"column":4},"end":{"line":78,"column":5}},"28":{"start":{"line":74,"column":6},"end":{"line":74,"column":45}},"29":{"start":{"line":75,"column":6},"end":{"line":75,"column":18}},"30":{"start":{"line":77,"column":6},"end":{"line":77,"column":18}},"31":{"start":{"line":82,"column":16},"end":{"line":142,"column":1}},"32":{"start":{"line":85,"column":4},"end":{"line":90,"column":5}},"33":{"start":{"line":86,"column":23},"end":{"line":86,"column":80}},"34":{"start":{"line":87,"column":6},"end":{"line":87,"column":27}},"35":{"start":{"line":89,"column":6},"end":{"line":89,"column":18}},"36":{"start":{"line":95,"column":4},"end":{"line":100,"column":5}},"37":{"start":{"line":96,"column":23},"end":{"line":96,"column":121}},"38":{"start":{"line":97,"column":6},"end":{"line":97,"column":27}},"39":{"start":{"line":99,"column":6},"end":{"line":99,"column":18}},"40":{"start":{"line":105,"column":4},"end":{"line":110,"column":5}},"41":{"start":{"line":106,"column":23},"end":{"line":106,"column":80}},"42":{"start":{"line":107,"column":6},"end":{"line":107,"column":27}},"43":{"start":{"line":109,"column":6},"end":{"line":109,"column":18}},"44":{"start":{"line":115,"column":4},"end":{"line":120,"column":5}},"45":{"start":{"line":116,"column":23},"end":{"line":116,"column":88}},"46":{"start":{"line":117,"column":6},"end":{"line":117,"column":27}},"47":{"start":{"line":119,"column":6},"end":{"line":119,"column":18}},"48":{"start":{"line":125,"column":4},"end":{"line":130,"column":5}},"49":{"start":{"line":126,"column":23},"end":{"line":126,"column":60}},"50":{"start":{"line":127,"column":6},"end":{"line":127,"column":27}},"51":{"start":{"line":129,"column":6},"end":{"line":129,"column":18}},"52":{"start":{"line":135,"column":4},"end":{"line":140,"column":5}},"53":{"start":{"line":136,"column":23},"end":{"line":136,"column":68}},"54":{"start":{"line":137,"column":6},"end":{"line":137,"column":27}},"55":{"start":{"line":139,"column":6},"end":{"line":139,"column":18}}},"fnMap":{"0":{"name":"(anonymous_0)","decl":{"start":{"line":14,"column":2},"end":{"line":14,"column":3}},"loc":{"start":{"line":14,"column":16},"end":{"line":14,"column":24}},"line":14},"1":{"name":"(anonymous_1)","decl":{"start":{"line":15,"column":2},"end":{"line":15,"column":3}},"loc":{"start":{"line":15,"column":13},"end":{"line":27,"column":3}},"line":15},"2":{"name":"(anonymous_2)","decl":{"start":{"line":32,"column":10},"end":{"line":32,"column":11}},"loc":{"start":{"line":32,"column":33},"end":{"line":39,"column":3}},"line":32},"3":{"name":"(anonymous_3)","decl":{"start":{"line":42,"column":11},"end":{"line":42,"column":12}},"loc":{"start":{"line":42,"column":25},"end":{"line":49,"column":3}},"line":42},"4":{"name":"(anonymous_4)","decl":{"start":{"line":52,"column":10},"end":{"line":52,"column":11}},"loc":{"start":{"line":52,"column":32},"end":{"line":59,"column":3}},"line":52},"5":{"name":"(anonymous_5)","decl":{"start":{"line":62,"column":10},"end":{"line":62,"column":11}},"loc":{"start":{"line":62,"column":33},"end":{"line":69,"column":3}},"line":62},"6":{"name":"(anonymous_6)","decl":{"start":{"line":72,"column":10},"end":{"line":72,"column":11}},"loc":{"start":{"line":72,"column":24},"end":{"line":79,"column":3}},"line":72},"7":{"name":"(anonymous_7)","decl":{"start":{"line":84,"column":14},"end":{"line":84,"column":15}},"loc":{"start":{"line":84,"column":38},"end":{"line":91,"column":3}},"line":84},"8":{"name":"(anonymous_8)","decl":{"start":{"line":94,"column":21},"end":{"line":94,"column":22}},"loc":{"start":{"line":94,"column":57},"end":{"line":101,"column":3}},"line":94},"9":{"name":"(anonymous_9)","decl":{"start":{"line":104,"column":12},"end":{"line":104,"column":13}},"loc":{"start":{"line":104,"column":36},"end":{"line":111,"column":3}},"line":104},"10":{"name":"(anonymous_10)","decl":{"start":{"line":114,"column":18},"end":{"line":114,"column":19}},"loc":{"start":{"line":114,"column":48},"end":{"line":121,"column":3}},"line":114},"11":{"name":"(anonymous_11)","decl":{"start":{"line":124,"column":19},"end":{"line":124,"column":20}},"loc":{"start":{"line":124,"column":31},"end":{"line":131,"column":3}},"line":124},"12":{"name":"(anonymous_12)","decl":{"start":{"line":134,"column":25},"end":{"line":134,"column":26}},"loc":{"start":{"line":134,"column":41},"end":{"line":141,"column":3}},"line":134}},"branchMap":{"0":{"loc":{"start":{"line":16,"column":4},"end":{"line":26,"column":5}},"type":"if","locations":[{"start":{"line":16,"column":4},"end":{"line":26,"column":5}},{"start":{"line":20,"column":11},"end":{"line":26,"column":5}}],"line":16},"1":{"loc":{"start":{"line":18,"column":22},"end":{"line":18,"column":71}},"type":"binary-expr","locations":[{"start":{"line":18,"column":22},"end":{"line":18,"column":48}},{"start":{"line":18,"column":52},"end":{"line":18,"column":71}}],"line":18},"2":{"loc":{"start":{"line":20,"column":11},"end":{"line":26,"column":5}},"type":"if","locations":[{"start":{"line":20,"column":11},"end":{"line":26,"column":5}},{"start":{"line":23,"column":11},"end":{"line":26,"column":5}}],"line":20},"3":{"loc":{"start":{"line":32,"column":17},"end":{"line":32,"column":28}},"type":"default-arg","locations":[{"start":{"line":32,"column":26},"end":{"line":32,"column":28}}],"line":32}},"s":{"0":3,"1":3,"2":3,"3":0,"4":0,"5":0,"6":0,"7":0,"8":0,"9":0,"10":3,"11":0,"12":0,"13":0,"14":0,"15":0,"16":0,"17":0,"18":0,"19":0,"20":0,"21":0,"22":0,"23":0,"24":0,"25":0,"26":0,"27":0,"28":0,"29":0,"30":0,"31":3,"32":0,"33":0,"34":0,"35":0,"36":0,"37":0,"38":0,"39":0,"40":0,"41":0,"42":0,"43":0,"44":0,"45":0,"46":0,"47":0,"48":0,"49":0,"50":0,"51":0,"52":0,"53":0,"54":0,"55":0},"f":{"0":0,"1":0,"2":0,"3":0,"4":0,"5":0,"6":0,"7":0,"8":0,"9":0,"10":0,"11":0,"12":0},"b":{"0":[0,0],"1":[0,0],"2":[0,0],"3":[0]},"_coverageSchema":"1a1c01bbd47fc00a2c39e90264f33305004495a9","hash":"239c93c3192cfe3faa3646a3a8f18c45356f92c6"}
}
