TN:
SF:src/App.js
FN:5,App
FNF:1
FNH:1
FNDA:2,App
DA:6,2
LF:1
LH:1
BRF:0
BRH:0
end_of_record
TN:
SF:src/index.js
FNF:0
FNH:0
DA:6,0
DA:7,0
LF:2
LH:0
BRF:0
BRH:0
end_of_record
TN:
SF:src/components/DailyDoseLog.tsx
FN:21,(anonymous_0)
FN:27,(anonymous_1)
FN:41,(anonymous_2)
FN:47,(anonymous_3)
FN:52,(anonymous_4)
FN:68,(anonymous_5)
FN:70,(anonymous_6)
FN:80,(anonymous_7)
FN:85,(anonymous_8)
FN:96,(anonymous_9)
FN:116,(anonymous_10)
FNF:11
FNH:10
FNDA:66,(anonymous_0)
FNDA:8,(anonymous_1)
FNDA:43,(anonymous_2)
FNDA:15,(anonymous_3)
FNDA:6,(anonymous_4)
FNDA:10,(anonymous_5)
FNDA:15,(anonymous_6)
FNDA:20,(anonymous_7)
FNDA:15,(anonymous_8)
FNDA:1,(anonymous_9)
FNDA:0,(anonymous_10)
DA:21,2
DA:22,66
DA:23,66
DA:24,66
DA:25,66
DA:27,66
DA:28,8
DA:29,8
DA:30,8
DA:31,8
DA:32,8
DA:33,6
DA:35,1
DA:37,7
DA:41,66
DA:42,43
DA:43,8
DA:47,66
DA:48,15
DA:49,15
DA:52,66
DA:53,6
DA:55,6
DA:62,6
DA:63,6
DA:66,6
DA:68,6
DA:69,10
DA:70,10
DA:71,15
DA:80,20
DA:82,6
DA:83,1
DA:85,5
DA:86,15
DA:90,6
DA:91,6
DA:93,6
DA:96,66
DA:97,1
DA:98,1
DA:101,1
DA:102,1
DA:105,0
DA:106,0
DA:107,0
DA:108,0
DA:109,0
DA:110,0
DA:111,0
DA:112,0
DA:115,1
DA:116,1
DA:118,0
DA:119,0
DA:123,66
DA:125,22
LF:57
LH:47
BRDA:35,0,0,1
BRDA:35,0,1,0
BRDA:42,1,0,8
BRDA:42,1,1,35
BRDA:53,2,0,0
BRDA:53,2,1,6
BRDA:69,3,0,10
BRDA:69,3,1,0
BRDA:82,4,0,1
BRDA:82,4,1,5
BRDA:101,5,0,1
BRDA:101,5,1,0
BRDA:101,6,0,1
BRDA:101,6,1,1
BRDA:123,7,0,44
BRDA:123,7,1,22
BRDA:158,8,0,22
BRDA:158,8,1,8
BRDA:164,9,0,22
BRDA:164,9,1,1
BRDA:170,10,0,22
BRDA:170,10,1,14
BRDA:170,10,2,13
BRDA:170,10,3,5
BRDA:182,11,0,1
BRDA:182,11,1,4
BRDA:187,12,0,1
BRDA:187,12,1,4
BRF:28
BRH:24
end_of_record
TN:
SF:src/components/DoseHistoryModal.tsx
FN:19,(anonymous_0)
FN:24,(anonymous_1)
FN:37,(anonymous_2)
FN:43,(anonymous_3)
FN:51,(anonymous_4)
FN:53,(anonymous_5)
FN:106,(anonymous_6)
FN:110,(anonymous_7)
FNF:8
FNH:8
FNDA:21,(anonymous_0)
FNDA:8,(anonymous_1)
FNDA:9,(anonymous_2)
FNDA:8,(anonymous_3)
FNDA:20,(anonymous_4)
FNDA:4,(anonymous_5)
FNDA:3,(anonymous_6)
FNDA:4,(anonymous_7)
DA:19,1
DA:20,21
DA:21,21
DA:22,21
DA:24,21
DA:25,8
DA:26,8
DA:27,8
DA:28,8
DA:29,6
DA:31,1
DA:33,7
DA:37,21
DA:38,9
DA:39,8
DA:43,21
DA:44,8
DA:45,8
DA:51,21
DA:52,20
DA:53,20
DA:54,4
DA:55,4
DA:56,3
DA:58,4
DA:60,20
DA:63,21
DA:65,20
DA:67,20
DA:107,3
DA:111,4
DA:112,4
LF:32
LH:32
BRDA:31,0,0,1
BRDA:31,0,1,0
BRDA:38,1,0,8
BRDA:38,1,1,1
BRDA:38,2,0,9
BRDA:38,2,1,8
BRDA:55,3,0,3
BRDA:55,3,1,1
BRDA:63,4,0,1
BRDA:63,4,1,20
BRDA:88,5,0,20
BRDA:88,5,1,8
BRDA:94,6,0,20
BRDA:94,6,1,1
BRDA:100,7,0,20
BRDA:100,7,1,12
BRDA:100,7,2,11
BRDA:102,8,0,9
BRDA:102,8,1,2
BRF:19
BRH:18
end_of_record
TN:
SF:src/components/MedicationTracker.tsx
FN:5,(anonymous_0)
FN:33,(anonymous_1)
FN:52,(anonymous_2)
FN:57,(anonymous_3)
FN:58,(anonymous_4)
FN:65,(anonymous_5)
FN:68,(anonymous_6)
FN:80,(anonymous_7)
FN:91,(anonymous_8)
FN:130,(anonymous_9)
FN:138,(anonymous_10)
FN:151,(anonymous_11)
FN:164,(anonymous_12)
FN:179,(anonymous_13)
FN:190,(anonymous_14)
FN:201,(anonymous_15)
FN:211,(anonymous_16)
FN:215,(anonymous_17)
FN:221,(anonymous_18)
FN:227,(anonymous_19)
FN:235,(anonymous_20)
FN:243,(anonymous_21)
FN:251,(anonymous_22)
FN:253,(anonymous_23)
FN:286,(anonymous_24)
FN:315,(anonymous_25)
FN:335,(anonymous_26)
FN:356,(anonymous_27)
FN:366,(anonymous_28)
FN:376,(anonymous_29)
FN:386,(anonymous_30)
FN:397,(anonymous_31)
FN:411,(anonymous_32)
FN:427,(anonymous_33)
FN:452,(anonymous_34)
FN:476,(anonymous_35)
FN:538,(anonymous_36)
FN:548,(anonymous_37)
FN:556,(anonymous_38)
FN:562,(anonymous_39)
FN:570,(anonymous_40)
FN:597,(anonymous_41)
FN:601,(anonymous_42)
FN:613,(anonymous_43)
FN:619,(anonymous_44)
FN:627,(anonymous_45)
FN:653,(anonymous_46)
FN:659,(anonymous_47)
FN:671,(anonymous_48)
FN:679,(anonymous_49)
FN:699,(anonymous_50)
FN:711,(anonymous_51)
FNF:52
FNH:22
FNDA:85,(anonymous_0)
FNDA:37,(anonymous_1)
FNDA:32,(anonymous_2)
FNDA:23,(anonymous_3)
FNDA:23,(anonymous_4)
FNDA:23,(anonymous_5)
FNDA:1,(anonymous_6)
FNDA:1,(anonymous_7)
FNDA:8,(anonymous_8)
FNDA:2,(anonymous_9)
FNDA:0,(anonymous_10)
FNDA:0,(anonymous_11)
FNDA:0,(anonymous_12)
FNDA:0,(anonymous_13)
FNDA:0,(anonymous_14)
FNDA:0,(anonymous_15)
FNDA:7,(anonymous_16)
FNDA:2,(anonymous_17)
FNDA:90,(anonymous_18)
FNDA:104,(anonymous_19)
FNDA:263,(anonymous_20)
FNDA:0,(anonymous_21)
FNDA:0,(anonymous_22)
FNDA:0,(anonymous_23)
FNDA:1,(anonymous_24)
FNDA:1,(anonymous_25)
FNDA:0,(anonymous_26)
FNDA:0,(anonymous_27)
FNDA:0,(anonymous_28)
FNDA:0,(anonymous_29)
FNDA:0,(anonymous_30)
FNDA:0,(anonymous_31)
FNDA:0,(anonymous_32)
FNDA:54,(anonymous_33)
FNDA:6,(anonymous_34)
FNDA:1,(anonymous_35)
FNDA:1,(anonymous_36)
FNDA:0,(anonymous_37)
FNDA:0,(anonymous_38)
FNDA:0,(anonymous_39)
FNDA:0,(anonymous_40)
FNDA:0,(anonymous_41)
FNDA:0,(anonymous_42)
FNDA:0,(anonymous_43)
FNDA:0,(anonymous_44)
FNDA:0,(anonymous_45)
FNDA:0,(anonymous_46)
FNDA:0,(anonymous_47)
FNDA:0,(anonymous_48)
FNDA:0,(anonymous_49)
FNDA:2,(anonymous_50)
FNDA:0,(anonymous_51)
DA:5,2
DA:6,85
DA:7,84
DA:8,84
DA:9,84
DA:10,84
DA:11,84
DA:12,84
DA:13,84
DA:14,84
DA:15,84
DA:16,84
DA:17,84
DA:18,84
DA:19,84
DA:20,84
DA:21,84
DA:22,84
DA:25,84
DA:33,84
DA:34,37
DA:35,37
DA:36,37
DA:37,37
DA:38,37
DA:39,37
DA:43,36
DA:45,1
DA:47,37
DA:52,84
DA:53,32
DA:57,84
DA:58,23
DA:59,23
DA:62,23
DA:63,23
DA:65,23
DA:68,84
DA:69,1
DA:70,1
DA:71,1
DA:72,1
DA:74,0
DA:76,1
DA:80,84
DA:81,1
DA:82,0
DA:84,1
DA:85,1
DA:86,1
DA:91,84
DA:93,8
DA:94,0
DA:97,8
DA:98,8
DA:99,8
DA:101,8
DA:103,2
DA:104,2
DA:105,2
DA:106,6
DA:108,3
DA:109,3
DA:110,3
DA:111,3
DA:114,3
DA:115,3
DA:118,5
DA:120,5
DA:121,0
DA:124,0
DA:126,8
DA:130,84
DA:131,2
DA:132,2
DA:133,2
DA:134,2
DA:138,84
DA:139,0
DA:140,0
DA:141,0
DA:142,0
DA:144,0
DA:145,0
DA:147,0
DA:151,84
DA:152,0
DA:153,0
DA:154,0
DA:155,0
DA:156,0
DA:157,0
DA:158,0
DA:160,0
DA:164,84
DA:165,0
DA:166,0
DA:168,0
DA:169,0
DA:170,0
DA:171,0
DA:172,0
DA:173,0
DA:175,0
DA:179,84
DA:180,0
DA:181,0
DA:182,0
DA:183,0
DA:184,0
DA:186,0
DA:190,84
DA:191,0
DA:192,0
DA:201,84
DA:202,0
DA:211,84
DA:212,7
DA:215,84
DA:216,2
DA:217,2
DA:218,2
DA:221,84
DA:222,90
DA:224,90
DA:227,84
DA:228,104
DA:230,104
DA:231,104
DA:232,104
DA:235,84
DA:236,263
DA:238,263
DA:239,263
DA:240,263
DA:243,84
DA:244,0
DA:245,0
DA:251,84
DA:252,0
DA:253,0
DA:254,0
DA:255,0
DA:256,0
DA:258,0
DA:260,0
DA:274,84
DA:275,32
DA:278,52
DA:286,1
DA:315,1
DA:335,0
DA:356,0
DA:366,0
DA:376,0
DA:386,0
DA:397,0
DA:412,0
DA:413,0
DA:414,0
DA:428,54
DA:452,6
DA:477,1
DA:478,1
DA:479,1
DA:480,1
DA:482,1
DA:484,1
DA:486,0
DA:492,1
DA:495,1
DA:496,1
DA:499,1
DA:500,1
DA:501,0
DA:502,0
DA:506,1
DA:507,1
DA:510,1
DA:512,0
DA:515,0
DA:516,0
DA:520,1
DA:523,1
DA:524,1
DA:525,1
DA:538,1
DA:548,0
DA:556,0
DA:562,0
DA:570,0
DA:598,0
DA:602,0
DA:603,0
DA:613,0
DA:619,0
DA:627,0
DA:653,0
DA:659,0
DA:671,0
DA:679,0
DA:699,2
DA:712,0
DA:713,0
LF:204
LH:126
BRDA:45,0,0,1
BRDA:45,0,1,0
BRDA:74,1,0,0
BRDA:74,1,1,0
BRDA:81,2,0,0
BRDA:81,2,1,1
BRDA:85,3,0,1
BRDA:85,3,1,0
BRDA:93,4,0,0
BRDA:93,4,1,8
BRDA:101,5,0,2
BRDA:101,5,1,6
BRDA:104,6,0,1
BRDA:104,6,1,1
BRDA:106,7,0,3
BRDA:106,7,1,3
BRDA:106,8,0,6
BRDA:106,8,1,3
BRDA:120,9,0,0
BRDA:120,9,1,5
BRDA:124,10,0,0
BRDA:124,10,1,0
BRDA:131,11,0,2
BRDA:131,11,1,0
BRDA:131,12,0,2
BRDA:131,12,1,2
BRDA:147,13,0,0
BRDA:147,13,1,0
BRDA:160,14,0,0
BRDA:160,14,1,0
BRDA:166,15,0,0
BRDA:166,15,1,0
BRDA:175,16,0,0
BRDA:175,16,1,0
BRDA:186,17,0,0
BRDA:186,17,1,0
BRDA:197,18,0,0
BRDA:197,18,1,0
BRDA:217,19,0,1
BRDA:217,19,1,1
BRDA:255,20,0,0
BRDA:255,20,1,0
BRDA:274,21,0,32
BRDA:274,21,1,52
BRDA:303,22,0,52
BRDA:303,22,1,32
BRDA:306,23,0,52
BRDA:306,23,1,17
BRDA:306,23,2,17
BRDA:309,24,0,52
BRDA:309,24,1,3
BRDA:331,25,0,52
BRDA:331,25,1,1
BRDA:344,26,0,52
BRDA:344,26,1,52
BRDA:344,26,2,0
BRDA:347,27,0,0
BRDA:347,27,1,0
BRDA:349,28,0,0
BRDA:349,28,1,0
BRDA:407,29,0,0
BRDA:407,29,1,0
BRDA:433,30,0,54
BRDA:433,30,1,42
BRDA:443,31,0,54
BRDA:443,31,1,0
BRDA:454,32,0,54
BRDA:454,32,1,54
BRDA:454,32,2,51
BRDA:459,33,0,8
BRDA:459,33,1,46
BRDA:459,34,0,54
BRDA:459,34,1,54
BRDA:459,34,2,51
BRDA:464,35,0,5
BRDA:464,35,1,49
BRDA:466,36,0,0
BRDA:466,36,1,49
BRDA:468,37,0,3
BRDA:468,37,1,46
BRDA:470,38,0,16
BRDA:470,38,1,30
BRDA:470,39,0,46
BRDA:470,39,1,16
BRDA:474,40,0,54
BRDA:474,40,1,51
BRDA:474,40,2,51
BRDA:484,41,0,0
BRDA:484,41,1,1
BRDA:499,42,0,1
BRDA:499,42,1,0
BRDA:501,43,0,0
BRDA:501,43,1,0
BRDA:510,44,0,0
BRDA:510,44,1,1
BRDA:515,45,0,0
BRDA:515,45,1,0
BRDA:529,46,0,5
BRDA:529,46,1,46
BRDA:540,47,0,1
BRDA:540,47,1,53
BRDA:545,48,0,1
BRDA:545,48,1,53
BRDA:553,49,0,0
BRDA:553,49,1,54
BRDA:587,50,0,54
BRDA:587,50,1,1
BRDA:591,51,0,1
BRDA:591,51,1,0
BRDA:595,52,0,0
BRDA:595,52,1,0
BRDA:595,53,0,0
BRDA:595,53,1,0
BRDA:610,54,0,0
BRDA:610,54,1,0
BRDA:675,55,0,52
BRDA:675,55,1,8
BRDA:682,56,0,0
BRDA:682,56,1,8
BRDA:682,57,0,0
BRDA:682,57,1,8
BRF:121
BRH:71
end_of_record
TN:
SF:src/services/api.js
FN:14,(anonymous_0)
FN:15,(anonymous_1)
FN:32,(anonymous_2)
FN:42,(anonymous_3)
FN:52,(anonymous_4)
FN:62,(anonymous_5)
FN:72,(anonymous_6)
FN:84,(anonymous_7)
FN:94,(anonymous_8)
FN:106,(anonymous_9)
FN:120,(anonymous_10)
FN:130,(anonymous_11)
FN:140,(anonymous_12)
FN:150,(anonymous_13)
FN:160,(anonymous_14)
FNF:15
FNH:0
FNDA:0,(anonymous_0)
FNDA:0,(anonymous_1)
FNDA:0,(anonymous_2)
FNDA:0,(anonymous_3)
FNDA:0,(anonymous_4)
FNDA:0,(anonymous_5)
FNDA:0,(anonymous_6)
FNDA:0,(anonymous_7)
FNDA:0,(anonymous_8)
FNDA:0,(anonymous_9)
FNDA:0,(anonymous_10)
FNDA:0,(anonymous_11)
FNDA:0,(anonymous_12)
FNDA:0,(anonymous_13)
FNDA:0,(anonymous_14)
DA:3,4
DA:5,4
DA:13,4
DA:14,0
DA:16,0
DA:18,0
DA:19,0
DA:20,0
DA:22,0
DA:25,0
DA:30,4
DA:33,0
DA:34,0
DA:35,0
DA:37,0
DA:43,0
DA:44,0
DA:45,0
DA:47,0
DA:53,0
DA:54,0
DA:55,0
DA:57,0
DA:63,0
DA:64,0
DA:65,0
DA:67,0
DA:73,0
DA:74,0
DA:75,0
DA:77,0
DA:82,4
DA:85,0
DA:86,0
DA:87,0
DA:89,0
DA:95,0
DA:96,0
DA:99,0
DA:101,0
DA:107,0
DA:108,0
DA:109,0
DA:110,0
DA:112,0
DA:113,0
DA:115,0
DA:121,0
DA:122,0
DA:123,0
DA:125,0
DA:131,0
DA:132,0
DA:133,0
DA:135,0
DA:141,0
DA:142,0
DA:143,0
DA:145,0
DA:151,0
DA:152,0
DA:153,0
DA:155,0
DA:161,0
DA:162,0
DA:163,0
DA:165,0
LF:67
LH:5
BRDA:16,0,0,0
BRDA:16,0,1,0
BRDA:18,1,0,0
BRDA:18,1,1,0
BRDA:20,2,0,0
BRDA:20,2,1,0
BRDA:32,3,0,0
BRDA:109,4,0,0
BRDA:109,4,1,0
BRF:9
BRH:0
end_of_record
