TN:
SF:src/App.js
FN:5,App
FNF:1
FNH:1
FNDA:2,App
DA:6,2
LF:1
LH:1
BRF:0
BRH:0
end_of_record
TN:
SF:src/index.js
FNF:0
FNH:0
DA:6,0
DA:7,0
LF:2
LH:0
BRF:0
BRH:0
end_of_record
TN:
SF:src/components/DoseHistoryModal.tsx
FN:19,(anonymous_0)
FN:24,(anonymous_1)
FN:30,(anonymous_2)
FN:43,(anonymous_3)
FN:51,(anonymous_4)
FN:53,(anonymous_5)
FN:99,(anonymous_6)
FN:103,(anonymous_7)
FNF:8
FNH:8
FNDA:24,(anonymous_0)
FNDA:10,(anonymous_1)
FNDA:9,(anonymous_2)
FNDA:8,(anonymous_3)
FNDA:23,(anonymous_4)
FNDA:4,(anonymous_5)
FNDA:3,(anonymous_6)
FNDA:4,(anonymous_7)
DA:19,2
DA:20,24
DA:21,24
DA:22,24
DA:24,24
DA:25,10
DA:26,9
DA:30,24
DA:31,9
DA:32,9
DA:33,9
DA:34,9
DA:35,7
DA:37,1
DA:39,8
DA:43,24
DA:44,8
DA:45,8
DA:51,24
DA:52,23
DA:53,23
DA:54,4
DA:55,4
DA:56,3
DA:58,4
DA:60,23
DA:63,24
DA:65,23
DA:67,23
DA:100,3
DA:104,4
DA:105,4
LF:32
LH:32
BRDA:25,0,0,9
BRDA:25,0,1,1
BRDA:25,1,0,10
BRDA:25,1,1,9
BRDA:37,2,0,1
BRDA:37,2,1,0
BRDA:55,3,0,3
BRDA:55,3,1,1
BRDA:63,4,0,1
BRDA:63,4,1,23
BRDA:81,5,0,23
BRDA:81,5,1,9
BRDA:87,6,0,23
BRDA:87,6,1,1
BRDA:93,7,0,23
BRDA:93,7,1,14
BRDA:93,7,2,13
BRDA:95,8,0,11
BRDA:95,8,1,2
BRF:19
BRH:18
end_of_record
TN:
SF:src/components/MedicationTracker.tsx
FN:5,(anonymous_0)
FN:25,(anonymous_1)
FN:29,(anonymous_2)
FN:43,(anonymous_3)
FN:69,(anonymous_4)
FN:82,(anonymous_5)
FN:87,(anonymous_6)
FN:97,(anonymous_7)
FN:101,(anonymous_8)
FN:108,(anonymous_9)
FN:119,(anonymous_10)
FN:129,(anonymous_11)
FN:135,(anonymous_12)
FN:140,(anonymous_13)
FN:146,(anonymous_14)
FN:152,(anonymous_15)
FN:162,(anonymous_16)
FN:188,(anonymous_17)
FN:217,(anonymous_18)
FN:237,(anonymous_19)
FN:259,(anonymous_20)
FN:269,(anonymous_21)
FN:279,(anonymous_22)
FN:291,(anonymous_23)
FN:299,(anonymous_24)
FN:308,(anonymous_25)
FN:330,(anonymous_26)
FN:359,(anonymous_27)
FN:381,(anonymous_28)
FN:387,(anonymous_29)
FN:395,(anonymous_30)
FN:401,(anonymous_31)
FN:409,(anonymous_32)
FN:432,(anonymous_33)
FN:444,(anonymous_34)
FNF:35
FNH:12
FNDA:42,(anonymous_0)
FNDA:20,(anonymous_1)
FNDA:20,(anonymous_2)
FNDA:0,(anonymous_3)
FNDA:0,(anonymous_4)
FNDA:0,(anonymous_5)
FNDA:0,(anonymous_6)
FNDA:0,(anonymous_7)
FNDA:0,(anonymous_8)
FNDA:0,(anonymous_9)
FNDA:0,(anonymous_10)
FNDA:0,(anonymous_11)
FNDA:33,(anonymous_12)
FNDA:40,(anonymous_13)
FNDA:81,(anonymous_14)
FNDA:2,(anonymous_15)
FNDA:3,(anonymous_16)
FNDA:1,(anonymous_17)
FNDA:1,(anonymous_18)
FNDA:0,(anonymous_19)
FNDA:0,(anonymous_20)
FNDA:0,(anonymous_21)
FNDA:0,(anonymous_22)
FNDA:0,(anonymous_23)
FNDA:0,(anonymous_24)
FNDA:0,(anonymous_25)
FNDA:20,(anonymous_26)
FNDA:0,(anonymous_27)
FNDA:1,(anonymous_28)
FNDA:0,(anonymous_29)
FNDA:0,(anonymous_30)
FNDA:0,(anonymous_31)
FNDA:0,(anonymous_32)
FNDA:0,(anonymous_33)
FNDA:0,(anonymous_34)
DA:5,1
DA:6,42
DA:7,41
DA:8,41
DA:9,41
DA:10,41
DA:11,41
DA:12,41
DA:13,41
DA:16,41
DA:25,41
DA:26,20
DA:29,41
DA:30,20
DA:31,20
DA:32,20
DA:33,20
DA:34,20
DA:35,19
DA:37,1
DA:39,20
DA:43,41
DA:44,0
DA:45,0
DA:47,0
DA:49,0
DA:50,0
DA:52,0
DA:53,0
DA:54,0
DA:56,0
DA:58,0
DA:59,0
DA:63,0
DA:65,0
DA:69,41
DA:70,0
DA:71,0
DA:72,0
DA:73,0
DA:74,0
DA:75,0
DA:76,0
DA:78,0
DA:82,41
DA:83,0
DA:84,0
DA:85,0
DA:86,0
DA:87,0
DA:88,0
DA:90,0
DA:91,0
DA:93,0
DA:97,41
DA:98,0
DA:99,0
DA:100,0
DA:101,0
DA:102,0
DA:104,0
DA:108,41
DA:109,0
DA:110,0
DA:119,41
DA:120,0
DA:129,41
DA:130,0
DA:131,0
DA:132,0
DA:135,41
DA:136,33
DA:137,33
DA:140,41
DA:141,40
DA:142,40
DA:143,40
DA:146,41
DA:147,81
DA:148,81
DA:149,81
DA:152,41
DA:153,2
DA:154,2
DA:155,1
DA:157,1
DA:159,2
DA:162,41
DA:163,3
DA:164,3
DA:167,41
DA:168,20
DA:177,21
DA:188,1
DA:217,1
DA:237,0
DA:259,0
DA:269,0
DA:279,0
DA:291,0
DA:299,0
DA:309,0
DA:310,0
DA:311,0
DA:331,20
DA:359,0
DA:381,1
DA:387,0
DA:395,0
DA:401,0
DA:409,0
DA:432,0
DA:444,0
LF:113
LH:55
BRDA:37,0,0,1
BRDA:37,0,1,0
BRDA:47,1,0,0
BRDA:47,1,1,0
BRDA:50,2,0,0
BRDA:50,2,1,0
BRDA:54,3,0,0
BRDA:54,3,1,0
BRDA:65,4,0,0
BRDA:65,4,1,0
BRDA:78,5,0,0
BRDA:78,5,1,0
BRDA:88,6,0,0
BRDA:88,6,1,0
BRDA:93,7,0,0
BRDA:93,7,1,0
BRDA:104,8,0,0
BRDA:104,8,1,0
BRDA:130,9,0,0
BRDA:130,9,1,0
BRDA:154,10,0,1
BRDA:154,10,1,1
BRDA:167,11,0,20
BRDA:167,11,1,21
BRDA:205,12,0,21
BRDA:205,12,1,14
BRDA:208,13,0,21
BRDA:208,13,1,6
BRDA:208,13,2,6
BRDA:211,14,0,21
BRDA:211,14,1,1
BRDA:233,15,0,21
BRDA:233,15,1,1
BRDA:246,16,0,21
BRDA:246,16,1,21
BRDA:246,16,2,0
BRDA:249,17,0,0
BRDA:249,17,1,0
BRDA:251,18,0,0
BRDA:251,18,1,0
BRDA:321,19,0,0
BRDA:321,19,1,0
BRDA:350,20,0,0
BRDA:350,20,1,20
BRDA:361,21,0,20
BRDA:361,21,1,20
BRDA:365,22,0,0
BRDA:365,22,1,20
BRDA:367,23,0,1
BRDA:367,23,1,19
BRDA:372,24,0,0
BRDA:372,24,1,20
BRDA:374,25,0,1
BRDA:374,25,1,19
BRDA:376,26,0,6
BRDA:376,26,1,13
BRDA:376,27,0,19
BRDA:376,27,1,6
BRDA:392,28,0,0
BRDA:392,28,1,20
BRDA:440,29,0,21
BRDA:440,29,1,1
BRF:62
BRH:32
end_of_record
TN:
SF:src/services/api.js
FN:14,(anonymous_0)
FN:15,(anonymous_1)
FN:32,(anonymous_2)
FN:42,(anonymous_3)
FN:52,(anonymous_4)
FN:62,(anonymous_5)
FN:72,(anonymous_6)
FN:84,(anonymous_7)
FN:94,(anonymous_8)
FN:104,(anonymous_9)
FN:114,(anonymous_10)
FN:124,(anonymous_11)
FN:134,(anonymous_12)
FNF:13
FNH:0
FNDA:0,(anonymous_0)
FNDA:0,(anonymous_1)
FNDA:0,(anonymous_2)
FNDA:0,(anonymous_3)
FNDA:0,(anonymous_4)
FNDA:0,(anonymous_5)
FNDA:0,(anonymous_6)
FNDA:0,(anonymous_7)
FNDA:0,(anonymous_8)
FNDA:0,(anonymous_9)
FNDA:0,(anonymous_10)
FNDA:0,(anonymous_11)
FNDA:0,(anonymous_12)
DA:3,2
DA:5,2
DA:13,2
DA:14,0
DA:16,0
DA:18,0
DA:19,0
DA:20,0
DA:22,0
DA:25,0
DA:30,2
DA:33,0
DA:34,0
DA:35,0
DA:37,0
DA:43,0
DA:44,0
DA:45,0
DA:47,0
DA:53,0
DA:54,0
DA:55,0
DA:57,0
DA:63,0
DA:64,0
DA:65,0
DA:67,0
DA:73,0
DA:74,0
DA:75,0
DA:77,0
DA:82,2
DA:85,0
DA:86,0
DA:87,0
DA:89,0
DA:95,0
DA:96,0
DA:97,0
DA:99,0
DA:105,0
DA:106,0
DA:107,0
DA:109,0
DA:115,0
DA:116,0
DA:117,0
DA:119,0
DA:125,0
DA:126,0
DA:127,0
DA:129,0
DA:135,0
DA:136,0
DA:137,0
DA:139,0
LF:56
LH:5
BRDA:16,0,0,0
BRDA:16,0,1,0
BRDA:18,1,0,0
BRDA:18,1,1,0
BRDA:20,2,0,0
BRDA:20,2,1,0
BRDA:32,3,0,0
BRF:7
BRH:0
end_of_record
